2021/03/29 11:24:15.420 [I] [asm_amd64.s:1357]  http server Running on http://0.0.0.0:8080
2021/03/29 11:24:56.843 [D] [server.go:2802]  |            ::1|[42m 200 [0m|    14.9601ms|   match|[44m GET     [0m /login   r:/login
2021/03/29 11:24:56.930 [D] [server.go:2802]  |            ::1|[42m 200 [0m|     7.9785ms|   match|[44m GET     [0m /static/js/lib/jquery-3.3.1.min.js
2021/03/29 11:24:56.937 [D] [server.go:2802]  |            ::1|[42m 200 [0m|      6.982ms|   match|[44m GET     [0m /static/css/bootstrap.min.css
2021/03/29 11:24:56.948 [D] [server.go:2802]  |            ::1|[42m 200 [0m|      7.978ms|   match|[44m GET     [0m /static/css/login.css
2021/03/29 11:24:56.952 [D] [server.go:2802]  |            ::1|[42m 200 [0m|     22.938ms|   match|[44m GET     [0m /static/js/login.js
2021/03/29 11:24:56.954 [D] [server.go:2802]  |            ::1|[42m 200 [0m|    26.9272ms|   match|[44m GET     [0m /static/js/lib/jquery.url.js
2021/03/29 11:24:56.954 [D] [server.go:2802]  |            ::1|[42m 200 [0m|    12.9644ms|   match|[44m GET     [0m /static/css/style.css
2021/03/29 11:24:56.956 [D] [server.go:2802]  |            ::1|[42m 200 [0m|    13.9622ms|   match|[44m GET     [0m /static/css/font-awesome.css
2021/03/29 11:24:56.965 [D] [server.go:2802]  |            ::1|[42m 200 [0m|    21.9411ms|   match|[44m GET     [0m /static/css/animate.css
2021/03/29 11:24:57.013 [D] [server.go:2802]  |            ::1|[42m 200 [0m|      997.2µs|   match|[44m GET     [0m /static/images/log.png
2021/03/29 11:24:57.051 [D] [server.go:2802]  |            ::1|[42m 200 [0m|     3.9951ms|   match|[44m GET     [0m /captcha   r:/captcha
2021/03/29 11:24:57.145 [D] [server.go:2802]  |            ::1|[43m 404 [0m|           0s| nomatch|[44m GET     [0m /favicon.ico
2021/03/29 16:10:06.887 [D] [server.go:2802]  |            ::1|[42m 200 [0m|     1.9949ms|   match|[44m GET     [0m /login   r:/login
2021/03/29 16:10:07.063 [D] [server.go:2802]  |            ::1|[42m 200 [0m|     4.9872ms|   match|[44m GET     [0m /captcha   r:/captcha
2021/03/29 16:10:07.238 [D] [server.go:2802]  |            ::1|[43m 404 [0m|           0s| nomatch|[44m GET     [0m /favicon.ico
2021/03/29 16:10:17.616 [D] [server.go:2802]  |            ::1|[42m 200 [0m|   142.6187ms|   match|[46m POST    [0m /login   r:/login
2021/03/29 16:10:27.831 [D] [server.go:2802]  |            ::1|[42m 200 [0m|    73.8015ms|   match|[46m POST    [0m /login   r:/login
2021/03/29 16:10:30.760 [D] [server.go:2802]  |            ::1|[42m 200 [0m|    97.7406ms|   match|[44m GET     [0m /     r:/
2021/03/29 16:10:30.816 [D] [server.go:2802]  |            ::1|[42m 200 [0m|     2.9923ms|   match|[44m GET     [0m /static/css/style.min.css
2021/03/29 16:10:30.816 [D] [server.go:2802]  |            ::1|[42m 200 [0m|     1.9949ms|   match|[44m GET     [0m /static/css/materialdesignicons.min.css
2021/03/29 16:10:30.816 [D] [server.go:2802]  |            ::1|[42m 200 [0m|     1.9949ms|   match|[44m GET     [0m /static/js/ssh.js
2021/03/29 16:10:30.841 [D] [server.go:2802]  |            ::1|[42m 200 [0m|      997.1µs|   match|[44m GET     [0m /static/js/bootstrap.min.js
2021/03/29 16:10:30.848 [D] [server.go:2802]  |            ::1|[42m 200 [0m|      998.5µs|   match|[44m GET     [0m /static/js/perfect-scrollbar.min.js
2021/03/29 16:10:30.874 [D] [server.go:2802]  |            ::1|[42m 200 [0m|     2.9885ms|   match|[44m GET     [0m /static/js/main.min.js
2021/03/29 16:10:30.879 [D] [server.go:2802]  |            ::1|[42m 200 [0m|     8.9753ms|   match|[44m GET     [0m /static/js/Chart.js
2021/03/29 16:10:30.999 [D] [server.go:2802]  |            ::1|[42m 200 [0m|      996.8µs|   match|[44m GET     [0m /static/fonts/materialdesignicons.woff2
2021/03/29 16:10:35.194 [D] [server.go:2802]  |            ::1|[42m 200 [0m|   169.5476ms|   match|[44m GET     [0m /userinfo   r:/userinfo
2021/03/29 16:10:35.247 [D] [server.go:2802]  |            ::1|[42m 200 [0m|     2.9913ms|   match|[44m GET     [0m /static/js/jquery.min.js
2021/03/29 16:10:38.306 [D] [server.go:2802]  |            ::1|[42m 200 [0m|     2.9923ms|   match|[44m GET     [0m /adduser   r:/adduser
2021/03/29 16:10:39.919 [D] [server.go:2802]  |            ::1|[42m 200 [0m|    87.7682ms|   match|[44m GET     [0m /userinfo   r:/userinfo
2021/03/29 16:10:42.435 [D] [server.go:2802]  |            ::1|[42m 200 [0m|     2.9928ms|   match|[44m GET     [0m /monitor   r:/monitor
2021/03/29 16:10:44.482 [D] [server.go:2802]  |            ::1|[42m 200 [0m|   184.5081ms|   match|[44m GET     [0m /monitorinfo   r:/monitorinfo
2021/03/29 16:10:47.233 [D] [server.go:2802]  |            ::1|[42m 200 [0m|    87.7641ms|   match|[44m GET     [0m /wsssh   r:/wsssh
2021/03/29 16:10:47.263 [D] [server.go:2802]  |            ::1|[42m 200 [0m|      999.3µs|   match|[44m GET     [0m /static/css/xterm.min.css
2021/03/29 16:10:47.280 [D] [server.go:2802]  |            ::1|[42m 200 [0m|     2.9901ms|   match|[44m GET     [0m /static/js/xterm.min.js
2021/03/29 16:10:59.651 [D] [server.go:2802]  |            ::1|[42m 200 [0m|    84.7735ms|   match|[44m GET     [0m /monitorinfo   r:/monitorinfo
2021/03/29 16:10:59.659 [ssh_ws.go:120]  reading webSocket message failed
2021/03/29 16:10:59.662 [C] [panic.go:679]  the request url is  /ws/ssh
2021/03/29 16:10:59.662 [C] [panic.go:679]  Handler crashed with error can't find templatefile in the path:views/websocketcontroller/get.tpl
2021/03/29 16:10:59.662 [C] [panic.go:679]  C:/Go/src/runtime/panic.go:679
2021/03/29 16:10:59.662 [C] [panic.go:679]  C:/Users/qainxun/go/pkg/mod/github.com/astaxie/beego@v1.12.2/template.go:75
2021/03/29 16:10:59.662 [C] [panic.go:679]  C:/Users/qainxun/go/pkg/mod/github.com/astaxie/beego@v1.12.2/controller.go:306
2021/03/29 16:10:59.662 [C] [panic.go:679]  C:/Users/qainxun/go/pkg/mod/github.com/astaxie/beego@v1.12.2/controller.go:257
2021/03/29 16:10:59.662 [C] [panic.go:679]  C:/Users/qainxun/go/pkg/mod/github.com/astaxie/beego@v1.12.2/controller.go:237
2021/03/29 16:10:59.662 [C] [panic.go:679]  C:/Users/qainxun/go/pkg/mod/github.com/astaxie/beego@v1.12.2/router.go:903
2021/03/29 16:10:59.662 [C] [panic.go:679]  C:/Go/src/net/http/server.go:2802
2021/03/29 16:10:59.662 [C] [panic.go:679]  C:/Go/src/net/http/server.go:1890
2021/03/29 16:10:59.662 [C] [panic.go:679]  C:/Go/src/runtime/asm_amd64.s:1357
2021/03/29 16:10:59.662 [server.go:3053]  [HTTP] http: response.Write on hijacked connection from github.com/astaxie/beego/context.(*Response).Write (context.go:218)
2021/03/29 16:10:59.662 [server.go:3053]  [HTTP] http: response.WriteHeader on hijacked connection from github.com/astaxie/beego/context.(*Response).WriteHeader (context.go:230)
2021/03/29 16:10:59.708 [ssh_ws.go:183]  ssh session wait failed
2021/03/29 16:11:01.259 [D] [server.go:2802]  |            ::1|[42m 200 [0m|     1.9984ms|   match|[44m GET     [0m /monitor   r:/monitor
2021/03/29 16:11:03.759 [D] [server.go:2802]  |            ::1|[42m 200 [0m|    84.7742ms|   match|[44m GET     [0m /userinfo   r:/userinfo
2021/03/29 16:11:05.289 [D] [server.go:2802]  |            ::1|[42m 200 [0m|     2.9921ms|   match|[44m GET     [0m /adduser   r:/adduser
2021/03/29 16:12:26.117 [I] [asm_amd64.s:1357]  http server Running on http://0.0.0.0:8080
2021/03/29 16:12:26.179 [D] [server.go:2802]  |      127.0.0.1|[47m 302 [0m|     9.9735ms|   match|[44m GET     [0m /adduser   r:/adduser
2021/03/29 16:12:26.222 [D] [server.go:2802]  |      127.0.0.1|[47m 302 [0m|     6.9808ms|   match|[44m GET     [0m /adduser   r:/adduser
2021/03/29 16:12:26.228 [D] [server.go:2802]  |      127.0.0.1|[42m 200 [0m|      997.3µs|   match|[44m GET     [0m /login   r:/login
2021/03/29 16:12:26.465 [D] [server.go:2802]  |      127.0.0.1|[42m 200 [0m|     1.9953ms|   match|[44m GET     [0m /captcha   r:/captcha
2021/03/29 16:12:29.175 [D] [server.go:2802]  |      127.0.0.1|[42m 200 [0m|     2.9862ms|   match|[44m GET     [0m /captcha   r:/captcha
2021/03/29 16:12:29.805 [D] [server.go:2802]  |      127.0.0.1|[42m 200 [0m|     2.0184ms|   match|[44m GET     [0m /captcha   r:/captcha
2021/03/29 16:12:30.428 [D] [server.go:2802]  |      127.0.0.1|[42m 200 [0m|     2.0248ms|   match|[44m GET     [0m /captcha   r:/captcha
2021/03/29 16:12:37.926 [D] [server.go:2802]  |      127.0.0.1|[42m 200 [0m|    85.7698ms|   match|[46m POST    [0m /login   r:/login
2021/03/29 16:12:39.531 [D] [server.go:2802]  |      127.0.0.1|[42m 200 [0m|    83.7753ms|   match|[44m GET     [0m /     r:/
2021/03/29 16:12:42.036 [D] [server.go:2802]  |      127.0.0.1|[42m 200 [0m|     2.9915ms|   match|[44m GET     [0m /monitor   r:/monitor
2021/03/29 16:12:43.859 [D] [server.go:2802]  |      127.0.0.1|[42m 200 [0m|     2.9916ms|   match|[44m GET     [0m /adduser   r:/adduser
2021/03/29 16:12:45.957 [D] [server.go:2802]  |      127.0.0.1|[42m 200 [0m|    166.556ms|   match|[44m GET     [0m /userinfo   r:/userinfo
2021/03/29 16:12:53.020 [D] [server.go:2802]  |      127.0.0.1|[42m 200 [0m|    83.8119ms|   match|[44m GET     [0m /wsssh   r:/wsssh
2021/03/29 16:13:01.865 [D] [server.go:2802]  |      127.0.0.1|[42m 200 [0m|   392.9496ms|   match|[44m GET     [0m /monitorinfo   r:/monitorinfo
2021/03/29 16:13:01.873 [ssh_ws.go:120]  reading webSocket message failed
2021/03/29 16:13:01.875 [C] [panic.go:679]  the request url is  /ws/ssh
2021/03/29 16:13:01.875 [C] [panic.go:679]  Handler crashed with error can't find templatefile in the path:views/websocketcontroller/get.tpl
2021/03/29 16:13:01.875 [C] [panic.go:679]  C:/Go/src/runtime/panic.go:679
2021/03/29 16:13:01.875 [C] [panic.go:679]  C:/Users/qainxun/go/pkg/mod/github.com/astaxie/beego@v1.12.2/template.go:75
2021/03/29 16:13:01.875 [C] [panic.go:679]  C:/Users/qainxun/go/pkg/mod/github.com/astaxie/beego@v1.12.2/controller.go:306
2021/03/29 16:13:01.875 [C] [panic.go:679]  C:/Users/qainxun/go/pkg/mod/github.com/astaxie/beego@v1.12.2/controller.go:257
2021/03/29 16:13:01.875 [C] [panic.go:679]  C:/Users/qainxun/go/pkg/mod/github.com/astaxie/beego@v1.12.2/controller.go:237
2021/03/29 16:13:01.875 [C] [panic.go:679]  C:/Users/qainxun/go/pkg/mod/github.com/astaxie/beego@v1.12.2/router.go:903
2021/03/29 16:13:01.875 [C] [panic.go:679]  C:/Go/src/net/http/server.go:2802
2021/03/29 16:13:01.875 [C] [panic.go:679]  C:/Go/src/net/http/server.go:1890
2021/03/29 16:13:01.875 [C] [panic.go:679]  C:/Go/src/runtime/asm_amd64.s:1357
2021/03/29 16:13:01.876 [server.go:3053]  [HTTP] http: response.Write on hijacked connection from github.com/astaxie/beego/context.(*Response).Write (context.go:218)
2021/03/29 16:13:01.876 [server.go:3053]  [HTTP] http: response.WriteHeader on hijacked connection from github.com/astaxie/beego/context.(*Response).WriteHeader (context.go:230)
2021/03/29 16:13:01.920 [ssh_ws.go:183]  ssh session wait failed
2021/03/29 16:13:03.495 [D] [server.go:2802]  |      127.0.0.1|[42m 200 [0m|   171.5407ms|   match|[44m GET     [0m /monitorinfo/   r:/monitorinfo
2021/03/29 16:13:05.804 [C] [panic.go:679]  the request url is  /updatamonitor
2021/03/29 16:13:05.804 [C] [panic.go:679]  Handler crashed with error Expected 5 or 6 fields, found 7: */60 * * * * * *
2021/03/29 16:13:05.804 [C] [panic.go:679]  C:/Go/src/runtime/panic.go:679
2021/03/29 16:13:05.804 [C] [panic.go:679]  C:/Go/src/log/log.go:345
2021/03/29 16:13:05.804 [C] [panic.go:679]  C:/Users/qainxun/go/pkg/mod/github.com/astaxie/beego@v1.12.2/toolbox/task.go:218
2021/03/29 16:13:05.804 [C] [panic.go:679]  C:/Users/qainxun/go/pkg/mod/github.com/astaxie/beego@v1.12.2/toolbox/task.go:207
2021/03/29 16:13:05.804 [C] [panic.go:679]  C:/Users/qainxun/go/pkg/mod/github.com/astaxie/beego@v1.12.2/toolbox/task.go:125
2021/03/29 16:13:05.804 [C] [panic.go:679]  C:/Users/qainxun/Desktop/新建文件夹 (2)/cmdb-master/utils/crontab.go:48
2021/03/29 16:13:05.804 [C] [panic.go:679]  C:/Users/qainxun/Desktop/新建文件夹 (2)/cmdb-master/controllers/updatamonitor_controller.go:90
2021/03/29 16:13:05.804 [C] [panic.go:679]  C:/Users/qainxun/go/pkg/mod/github.com/astaxie/beego@v1.12.2/router.go:873
2021/03/29 16:13:05.804 [C] [panic.go:679]  C:/Go/src/net/http/server.go:2802
2021/03/29 16:13:05.804 [C] [panic.go:679]  C:/Go/src/net/http/server.go:1890
2021/03/29 16:13:05.804 [C] [panic.go:679]  C:/Go/src/runtime/asm_amd64.s:1357
2021/03/29 16:13:05.805 [server.go:3053]  [HTTP] http: superfluous response.WriteHeader call from github.com/astaxie/beego/context.(*Response).WriteHeader (context.go:230)
2021/03/29 16:13:07.394 [C] [panic.go:679]  the request url is  /updatamonitor
2021/03/29 16:13:07.394 [C] [panic.go:679]  Handler crashed with error Expected 5 or 6 fields, found 7: */60 * * * * * *
2021/03/29 16:13:07.394 [C] [panic.go:679]  C:/Go/src/runtime/panic.go:679
2021/03/29 16:13:07.394 [C] [panic.go:679]  C:/Go/src/log/log.go:345
2021/03/29 16:13:07.394 [C] [panic.go:679]  C:/Users/qainxun/go/pkg/mod/github.com/astaxie/beego@v1.12.2/toolbox/task.go:218
2021/03/29 16:13:07.394 [C] [panic.go:679]  C:/Users/qainxun/go/pkg/mod/github.com/astaxie/beego@v1.12.2/toolbox/task.go:207
2021/03/29 16:13:07.394 [C] [panic.go:679]  C:/Users/qainxun/go/pkg/mod/github.com/astaxie/beego@v1.12.2/toolbox/task.go:125
2021/03/29 16:13:07.394 [C] [panic.go:679]  C:/Users/qainxun/Desktop/新建文件夹 (2)/cmdb-master/utils/crontab.go:48
2021/03/29 16:13:07.394 [C] [panic.go:679]  C:/Users/qainxun/Desktop/新建文件夹 (2)/cmdb-master/controllers/updatamonitor_controller.go:90
2021/03/29 16:13:07.394 [C] [panic.go:679]  C:/Users/qainxun/go/pkg/mod/github.com/astaxie/beego@v1.12.2/router.go:873
2021/03/29 16:13:07.394 [C] [panic.go:679]  C:/Go/src/net/http/server.go:2802
2021/03/29 16:13:07.394 [C] [panic.go:679]  C:/Go/src/net/http/server.go:1890
2021/03/29 16:13:07.394 [C] [panic.go:679]  C:/Go/src/runtime/asm_amd64.s:1357
2021/03/29 16:13:07.394 [server.go:3053]  [HTTP] http: superfluous response.WriteHeader call from github.com/astaxie/beego/context.(*Response).WriteHeader (context.go:230)
2021/03/29 16:13:08.881 [C] [panic.go:679]  the request url is  /updatamonitor
2021/03/29 16:13:08.881 [C] [panic.go:679]  Handler crashed with error Expected 5 or 6 fields, found 7: */60 * * * * * *
2021/03/29 16:13:08.881 [C] [panic.go:679]  C:/Go/src/runtime/panic.go:679
2021/03/29 16:13:08.881 [C] [panic.go:679]  C:/Go/src/log/log.go:345
2021/03/29 16:13:08.881 [C] [panic.go:679]  C:/Users/qainxun/go/pkg/mod/github.com/astaxie/beego@v1.12.2/toolbox/task.go:218
2021/03/29 16:13:08.881 [C] [panic.go:679]  C:/Users/qainxun/go/pkg/mod/github.com/astaxie/beego@v1.12.2/toolbox/task.go:207
2021/03/29 16:13:08.881 [C] [panic.go:679]  C:/Users/qainxun/go/pkg/mod/github.com/astaxie/beego@v1.12.2/toolbox/task.go:125
2021/03/29 16:13:08.881 [C] [panic.go:679]  C:/Users/qainxun/Desktop/新建文件夹 (2)/cmdb-master/utils/crontab.go:48
2021/03/29 16:13:08.881 [C] [panic.go:679]  C:/Users/qainxun/Desktop/新建文件夹 (2)/cmdb-master/controllers/updatamonitor_controller.go:90
2021/03/29 16:13:08.881 [C] [panic.go:679]  C:/Users/qainxun/go/pkg/mod/github.com/astaxie/beego@v1.12.2/router.go:873
2021/03/29 16:13:08.881 [C] [panic.go:679]  C:/Go/src/net/http/server.go:2802
2021/03/29 16:13:08.881 [C] [panic.go:679]  C:/Go/src/net/http/server.go:1890
2021/03/29 16:13:08.881 [C] [panic.go:679]  C:/Go/src/runtime/asm_amd64.s:1357
2021/03/29 16:13:08.881 [server.go:3053]  [HTTP] http: superfluous response.WriteHeader call from github.com/astaxie/beego/context.(*Response).WriteHeader (context.go:230)
2021/03/29 16:13:10.028 [C] [panic.go:679]  the request url is  /updatamonitor
2021/03/29 16:13:10.028 [C] [panic.go:679]  Handler crashed with error Expected 5 or 6 fields, found 7: */60 * * * * * *
2021/03/29 16:13:10.028 [C] [panic.go:679]  C:/Go/src/runtime/panic.go:679
2021/03/29 16:13:10.028 [C] [panic.go:679]  C:/Go/src/log/log.go:345
2021/03/29 16:13:10.029 [C] [panic.go:679]  C:/Users/qainxun/go/pkg/mod/github.com/astaxie/beego@v1.12.2/toolbox/task.go:218
2021/03/29 16:13:10.029 [C] [panic.go:679]  C:/Users/qainxun/go/pkg/mod/github.com/astaxie/beego@v1.12.2/toolbox/task.go:207
2021/03/29 16:13:10.029 [C] [panic.go:679]  C:/Users/qainxun/go/pkg/mod/github.com/astaxie/beego@v1.12.2/toolbox/task.go:125
2021/03/29 16:13:10.029 [C] [panic.go:679]  C:/Users/qainxun/Desktop/新建文件夹 (2)/cmdb-master/utils/crontab.go:48
2021/03/29 16:13:10.029 [C] [panic.go:679]  C:/Users/qainxun/Desktop/新建文件夹 (2)/cmdb-master/controllers/updatamonitor_controller.go:90
2021/03/29 16:13:10.029 [C] [panic.go:679]  C:/Users/qainxun/go/pkg/mod/github.com/astaxie/beego@v1.12.2/router.go:873
2021/03/29 16:13:10.029 [C] [panic.go:679]  C:/Go/src/net/http/server.go:2802
2021/03/29 16:13:10.029 [C] [panic.go:679]  C:/Go/src/net/http/server.go:1890
2021/03/29 16:13:10.029 [C] [panic.go:679]  C:/Go/src/runtime/asm_amd64.s:1357
2021/03/29 16:13:10.029 [server.go:3053]  [HTTP] http: superfluous response.WriteHeader call from github.com/astaxie/beego/context.(*Response).WriteHeader (context.go:230)
2021/03/29 16:13:11.335 [C] [panic.go:679]  the request url is  /updatamonitor
2021/03/29 16:13:11.335 [C] [panic.go:679]  Handler crashed with error Expected 5 or 6 fields, found 7: */60 * * * * * *
2021/03/29 16:13:11.335 [C] [panic.go:679]  C:/Go/src/runtime/panic.go:679
2021/03/29 16:13:11.335 [C] [panic.go:679]  C:/Go/src/log/log.go:345
2021/03/29 16:13:11.335 [C] [panic.go:679]  C:/Users/qainxun/go/pkg/mod/github.com/astaxie/beego@v1.12.2/toolbox/task.go:218
2021/03/29 16:13:11.335 [C] [panic.go:679]  C:/Users/qainxun/go/pkg/mod/github.com/astaxie/beego@v1.12.2/toolbox/task.go:207
2021/03/29 16:13:11.335 [C] [panic.go:679]  C:/Users/qainxun/go/pkg/mod/github.com/astaxie/beego@v1.12.2/toolbox/task.go:125
2021/03/29 16:13:11.335 [C] [panic.go:679]  C:/Users/qainxun/Desktop/新建文件夹 (2)/cmdb-master/utils/crontab.go:48
2021/03/29 16:13:11.335 [C] [panic.go:679]  C:/Users/qainxun/Desktop/新建文件夹 (2)/cmdb-master/controllers/updatamonitor_controller.go:90
2021/03/29 16:13:11.335 [C] [panic.go:679]  C:/Users/qainxun/go/pkg/mod/github.com/astaxie/beego@v1.12.2/router.go:873
2021/03/29 16:13:11.335 [C] [panic.go:679]  C:/Go/src/net/http/server.go:2802
2021/03/29 16:13:11.335 [C] [panic.go:679]  C:/Go/src/net/http/server.go:1890
2021/03/29 16:13:11.335 [C] [panic.go:679]  C:/Go/src/runtime/asm_amd64.s:1357
2021/03/29 16:13:11.335 [server.go:3053]  [HTTP] http: superfluous response.WriteHeader call from github.com/astaxie/beego/context.(*Response).WriteHeader (context.go:230)
2021/03/29 16:13:12.715 [C] [panic.go:679]  the request url is  /updatamonitor
2021/03/29 16:13:12.715 [C] [panic.go:679]  Handler crashed with error Expected 5 or 6 fields, found 7: */60 * * * * * *
2021/03/29 16:13:12.715 [C] [panic.go:679]  C:/Go/src/runtime/panic.go:679
2021/03/29 16:13:12.715 [C] [panic.go:679]  C:/Go/src/log/log.go:345
2021/03/29 16:13:12.715 [C] [panic.go:679]  C:/Users/qainxun/go/pkg/mod/github.com/astaxie/beego@v1.12.2/toolbox/task.go:218
2021/03/29 16:13:12.715 [C] [panic.go:679]  C:/Users/qainxun/go/pkg/mod/github.com/astaxie/beego@v1.12.2/toolbox/task.go:207
2021/03/29 16:13:12.715 [C] [panic.go:679]  C:/Users/qainxun/go/pkg/mod/github.com/astaxie/beego@v1.12.2/toolbox/task.go:125
2021/03/29 16:13:12.715 [C] [panic.go:679]  C:/Users/qainxun/Desktop/新建文件夹 (2)/cmdb-master/utils/crontab.go:48
2021/03/29 16:13:12.715 [C] [panic.go:679]  C:/Users/qainxun/Desktop/新建文件夹 (2)/cmdb-master/controllers/updatamonitor_controller.go:90
2021/03/29 16:13:12.715 [C] [panic.go:679]  C:/Users/qainxun/go/pkg/mod/github.com/astaxie/beego@v1.12.2/router.go:873
2021/03/29 16:13:12.715 [C] [panic.go:679]  C:/Go/src/net/http/server.go:2802
2021/03/29 16:13:12.715 [C] [panic.go:679]  C:/Go/src/net/http/server.go:1890
2021/03/29 16:13:12.715 [C] [panic.go:679]  C:/Go/src/runtime/asm_amd64.s:1357
2021/03/29 16:13:12.715 [server.go:3053]  [HTTP] http: superfluous response.WriteHeader call from github.com/astaxie/beego/context.(*Response).WriteHeader (context.go:230)
2021/03/29 16:13:13.832 [C] [panic.go:679]  the request url is  /updatamonitor
2021/03/29 16:13:13.832 [C] [panic.go:679]  Handler crashed with error Expected 5 or 6 fields, found 7: */60 * * * * * *
2021/03/29 16:13:13.832 [C] [panic.go:679]  C:/Go/src/runtime/panic.go:679
2021/03/29 16:13:13.832 [C] [panic.go:679]  C:/Go/src/log/log.go:345
2021/03/29 16:13:13.832 [C] [panic.go:679]  C:/Users/qainxun/go/pkg/mod/github.com/astaxie/beego@v1.12.2/toolbox/task.go:218
2021/03/29 16:13:13.832 [C] [panic.go:679]  C:/Users/qainxun/go/pkg/mod/github.com/astaxie/beego@v1.12.2/toolbox/task.go:207
2021/03/29 16:13:13.832 [C] [panic.go:679]  C:/Users/qainxun/go/pkg/mod/github.com/astaxie/beego@v1.12.2/toolbox/task.go:125
2021/03/29 16:13:13.832 [C] [panic.go:679]  C:/Users/qainxun/Desktop/新建文件夹 (2)/cmdb-master/utils/crontab.go:48
2021/03/29 16:13:13.832 [C] [panic.go:679]  C:/Users/qainxun/Desktop/新建文件夹 (2)/cmdb-master/controllers/updatamonitor_controller.go:90
2021/03/29 16:13:13.832 [C] [panic.go:679]  C:/Users/qainxun/go/pkg/mod/github.com/astaxie/beego@v1.12.2/router.go:873
2021/03/29 16:13:13.832 [C] [panic.go:679]  C:/Go/src/net/http/server.go:2802
2021/03/29 16:13:13.832 [C] [panic.go:679]  C:/Go/src/net/http/server.go:1890
2021/03/29 16:13:13.832 [C] [panic.go:679]  C:/Go/src/runtime/asm_amd64.s:1357
2021/03/29 16:13:13.832 [server.go:3053]  [HTTP] http: superfluous response.WriteHeader call from github.com/astaxie/beego/context.(*Response).WriteHeader (context.go:230)
2021/03/29 16:13:14.713 [C] [panic.go:679]  the request url is  /updatamonitor
2021/03/29 16:13:14.713 [C] [panic.go:679]  Handler crashed with error Expected 5 or 6 fields, found 7: */60 * * * * * *
2021/03/29 16:13:14.713 [C] [panic.go:679]  C:/Go/src/runtime/panic.go:679
2021/03/29 16:13:14.713 [C] [panic.go:679]  C:/Go/src/log/log.go:345
2021/03/29 16:13:14.713 [C] [panic.go:679]  C:/Users/qainxun/go/pkg/mod/github.com/astaxie/beego@v1.12.2/toolbox/task.go:218
2021/03/29 16:13:14.713 [C] [panic.go:679]  C:/Users/qainxun/go/pkg/mod/github.com/astaxie/beego@v1.12.2/toolbox/task.go:207
2021/03/29 16:13:14.713 [C] [panic.go:679]  C:/Users/qainxun/go/pkg/mod/github.com/astaxie/beego@v1.12.2/toolbox/task.go:125
2021/03/29 16:13:14.713 [C] [panic.go:679]  C:/Users/qainxun/Desktop/新建文件夹 (2)/cmdb-master/utils/crontab.go:48
2021/03/29 16:13:14.713 [C] [panic.go:679]  C:/Users/qainxun/Desktop/新建文件夹 (2)/cmdb-master/controllers/updatamonitor_controller.go:90
2021/03/29 16:13:14.713 [C] [panic.go:679]  C:/Users/qainxun/go/pkg/mod/github.com/astaxie/beego@v1.12.2/router.go:873
2021/03/29 16:13:14.713 [C] [panic.go:679]  C:/Go/src/net/http/server.go:2802
2021/03/29 16:13:14.713 [C] [panic.go:679]  C:/Go/src/net/http/server.go:1890
2021/03/29 16:13:14.713 [C] [panic.go:679]  C:/Go/src/runtime/asm_amd64.s:1357
2021/03/29 16:13:14.714 [server.go:3053]  [HTTP] http: superfluous response.WriteHeader call from github.com/astaxie/beego/context.(*Response).WriteHeader (context.go:230)
2021/03/29 16:13:15.569 [C] [panic.go:679]  the request url is  /updatamonitor
2021/03/29 16:13:15.569 [C] [panic.go:679]  Handler crashed with error Expected 5 or 6 fields, found 7: */60 * * * * * *
2021/03/29 16:13:15.569 [C] [panic.go:679]  C:/Go/src/runtime/panic.go:679
2021/03/29 16:13:15.569 [C] [panic.go:679]  C:/Go/src/log/log.go:345
2021/03/29 16:13:15.569 [C] [panic.go:679]  C:/Users/qainxun/go/pkg/mod/github.com/astaxie/beego@v1.12.2/toolbox/task.go:218
2021/03/29 16:13:15.569 [C] [panic.go:679]  C:/Users/qainxun/go/pkg/mod/github.com/astaxie/beego@v1.12.2/toolbox/task.go:207
2021/03/29 16:13:15.569 [C] [panic.go:679]  C:/Users/qainxun/go/pkg/mod/github.com/astaxie/beego@v1.12.2/toolbox/task.go:125
2021/03/29 16:13:15.569 [C] [panic.go:679]  C:/Users/qainxun/Desktop/新建文件夹 (2)/cmdb-master/utils/crontab.go:48
2021/03/29 16:13:15.569 [C] [panic.go:679]  C:/Users/qainxun/Desktop/新建文件夹 (2)/cmdb-master/controllers/updatamonitor_controller.go:90
2021/03/29 16:13:15.570 [C] [panic.go:679]  C:/Users/qainxun/go/pkg/mod/github.com/astaxie/beego@v1.12.2/router.go:873
2021/03/29 16:13:15.570 [C] [panic.go:679]  C:/Go/src/net/http/server.go:2802
2021/03/29 16:13:15.570 [C] [panic.go:679]  C:/Go/src/net/http/server.go:1890
2021/03/29 16:13:15.570 [C] [panic.go:679]  C:/Go/src/runtime/asm_amd64.s:1357
2021/03/29 16:13:15.570 [server.go:3053]  [HTTP] http: superfluous response.WriteHeader call from github.com/astaxie/beego/context.(*Response).WriteHeader (context.go:230)
2021/03/29 16:14:08.552 [D] [server.go:2802]  |      127.0.0.1|[42m 200 [0m|    85.7703ms|   match|[44m GET     [0m /userinfo   r:/userinfo
2021/03/29 16:14:10.745 [D] [server.go:2802]  |      127.0.0.1|[42m 200 [0m|     3.0284ms|   match|[44m GET     [0m /adduser   r:/adduser
2021/03/29 16:15:05.243 [D] [server.go:2802]  |      127.0.0.1|[42m 200 [0m|     3.9899ms|   match|[44m GET     [0m /monitor   r:/monitor
2021/03/29 16:15:07.639 [D] [server.go:2802]  |      127.0.0.1|[42m 200 [0m|    86.7645ms|   match|[44m GET     [0m /monitorinfo   r:/monitorinfo
2021/03/29 16:15:09.145 [D] [server.go:2802]  |      127.0.0.1|[42m 200 [0m|   125.6646ms|   match|[44m GET     [0m /monitorinfo/   r:/monitorinfo
2021/03/29 16:15:11.652 [C] [panic.go:679]  the request url is  /updatamonitor
2021/03/29 16:15:11.652 [C] [panic.go:679]  Handler crashed with error Expected 5 or 6 fields, found 7: */60 * * * * * *
2021/03/29 16:15:11.652 [C] [panic.go:679]  C:/Go/src/runtime/panic.go:679
2021/03/29 16:15:11.652 [C] [panic.go:679]  C:/Go/src/log/log.go:345
2021/03/29 16:15:11.652 [C] [panic.go:679]  C:/Users/qainxun/go/pkg/mod/github.com/astaxie/beego@v1.12.2/toolbox/task.go:218
2021/03/29 16:15:11.652 [C] [panic.go:679]  C:/Users/qainxun/go/pkg/mod/github.com/astaxie/beego@v1.12.2/toolbox/task.go:207
2021/03/29 16:15:11.652 [C] [panic.go:679]  C:/Users/qainxun/go/pkg/mod/github.com/astaxie/beego@v1.12.2/toolbox/task.go:125
2021/03/29 16:15:11.652 [C] [panic.go:679]  C:/Users/qainxun/Desktop/新建文件夹 (2)/cmdb-master/utils/crontab.go:48
2021/03/29 16:15:11.652 [C] [panic.go:679]  C:/Users/qainxun/Desktop/新建文件夹 (2)/cmdb-master/controllers/updatamonitor_controller.go:90
2021/03/29 16:15:11.652 [C] [panic.go:679]  C:/Users/qainxun/go/pkg/mod/github.com/astaxie/beego@v1.12.2/router.go:873
2021/03/29 16:15:11.652 [C] [panic.go:679]  C:/Go/src/net/http/server.go:2802
2021/03/29 16:15:11.652 [C] [panic.go:679]  C:/Go/src/net/http/server.go:1890
2021/03/29 16:15:11.652 [C] [panic.go:679]  C:/Go/src/runtime/asm_amd64.s:1357
2021/03/29 16:15:11.652 [server.go:3053]  [HTTP] http: superfluous response.WriteHeader call from github.com/astaxie/beego/context.(*Response).WriteHeader (context.go:230)
2021/03/29 16:19:26.148 [D] [server.go:2802]  |      127.0.0.1|[42m 200 [0m|     1.9945ms|   match|[44m GET     [0m /login   r:/login
2021/03/29 16:19:26.296 [D] [server.go:2802]  |      127.0.0.1|[42m 200 [0m|     1.9949ms|   match|[44m GET     [0m /captcha   r:/captcha
2021/04/15 14:28:40.414 [I] [asm_amd64.s:1357]  http server Running on http://0.0.0.0:8080
2021/04/15 14:28:52.039 [D] [server.go:2802]  |            ::1|[47m 302 [0m|     7.9746ms|   match|[44m GET     [0m /     r:/
2021/04/15 14:28:52.059 [D] [server.go:2802]  |            ::1|[42m 200 [0m|     1.9946ms|   match|[44m GET     [0m /login   r:/login
2021/04/15 14:28:52.155 [D] [server.go:2802]  |            ::1|[42m 200 [0m|      996.3µs|   match|[44m GET     [0m /static/js/login.js
2021/04/15 14:28:52.156 [D] [server.go:2802]  |            ::1|[42m 200 [0m|      996.8µs|   match|[44m GET     [0m /static/js/lib/jquery.url.js
2021/04/15 14:28:52.157 [D] [server.go:2802]  |            ::1|[42m 200 [0m|      997.6µs|   match|[44m GET     [0m /static/js/lib/jquery-3.3.1.min.js
2021/04/15 14:28:52.166 [D] [server.go:2802]  |            ::1|[42m 200 [0m|     1.9952ms|   match|[44m GET     [0m /static/css/font-awesome.css
2021/04/15 14:28:52.166 [D] [server.go:2802]  |            ::1|[42m 200 [0m|     4.9873ms|   match|[44m GET     [0m /static/css/style.css
2021/04/15 14:28:52.167 [D] [server.go:2802]  |            ::1|[42m 200 [0m|        997µs|   match|[44m GET     [0m /static/css/animate.css
2021/04/15 14:28:52.167 [D] [server.go:2802]  |            ::1|[42m 200 [0m|        997µs|   match|[44m GET     [0m /static/css/login.css
2021/04/15 14:28:52.168 [D] [server.go:2802]  |            ::1|[42m 200 [0m|     3.9893ms|   match|[44m GET     [0m /static/css/bootstrap.min.css
2021/04/15 14:28:52.255 [D] [server.go:2802]  |            ::1|[42m 200 [0m|      997.6µs|   match|[44m GET     [0m /static/images/log.png
2021/04/15 14:28:52.269 [D] [server.go:2802]  |            ::1|[42m 200 [0m|     1.9936ms|   match|[44m GET     [0m /captcha   r:/captcha
2021/04/15 18:11:42.924 [D] [server.go:2802]  |            ::1|[47m 302 [0m|      1.994ms|   match|[44m GET     [0m /     r:/
2021/04/15 18:11:42.940 [D] [server.go:2802]  |            ::1|[42m 200 [0m|     1.9945ms|   match|[44m GET     [0m /login   r:/login
2021/04/15 18:11:43.031 [D] [server.go:2802]  |            ::1|[42m 200 [0m|     1.9917ms|   match|[44m GET     [0m /static/js/lib/jquery.url.js
2021/04/15 18:11:43.036 [D] [server.go:2802]  |            ::1|[42m 200 [0m|     1.9947ms|   match|[44m GET     [0m /static/js/lib/jquery-3.3.1.min.js
2021/04/15 18:11:43.036 [D] [server.go:2802]  |            ::1|[42m 200 [0m|           0s|   match|[44m GET     [0m /static/js/login.js
2021/04/15 18:11:43.044 [D] [server.go:2802]  |            ::1|[42m 200 [0m|     1.9945ms|   match|[44m GET     [0m /static/css/bootstrap.min.css
2021/04/15 18:11:43.045 [D] [server.go:2802]  |            ::1|[42m 200 [0m|        997µs|   match|[44m GET     [0m /static/css/font-awesome.css
2021/04/15 18:11:43.046 [D] [server.go:2802]  |            ::1|[42m 200 [0m|      997.3µs|   match|[44m GET     [0m /static/css/animate.css
2021/04/15 18:11:43.057 [D] [server.go:2802]  |            ::1|[42m 200 [0m|      997.2µs|   match|[44m GET     [0m /static/css/login.css
2021/04/15 18:11:43.076 [D] [server.go:2802]  |            ::1|[42m 200 [0m|     18.949ms|   match|[44m GET     [0m /static/css/style.css
2021/04/15 18:11:43.148 [D] [server.go:2802]  |            ::1|[42m 200 [0m|     7.9745ms|   match|[44m GET     [0m /captcha   r:/captcha
2021/04/15 18:11:43.288 [D] [server.go:2802]  |            ::1|[43m 404 [0m|           0s| nomatch|[44m GET     [0m /favicon.ico
2021/04/15 18:11:50.095 [D] [server.go:2802]  |            ::1|[42m 200 [0m|    99.7357ms|   match|[46m POST    [0m /login   r:/login
2021/04/15 18:11:52.027 [D] [server.go:2802]  |            ::1|[42m 200 [0m|   200.4576ms|   match|[44m GET     [0m /     r:/
2021/04/15 18:11:52.081 [D] [server.go:2802]  |            ::1|[42m 200 [0m|        998µs|   match|[44m GET     [0m /static/css/materialdesignicons.min.css
2021/04/15 18:11:52.081 [D] [server.go:2802]  |            ::1|[42m 200 [0m|     1.9954ms|   match|[44m GET     [0m /static/css/style.min.css
2021/04/15 18:11:52.082 [D] [server.go:2802]  |            ::1|[42m 200 [0m|      996.3µs|   match|[44m GET     [0m /static/js/ssh.js
2021/04/15 18:11:52.098 [D] [server.go:2802]  |            ::1|[42m 200 [0m|           0s|   match|[44m GET     [0m /static/js/bootstrap.min.js
2021/04/15 18:11:52.120 [D] [server.go:2802]  |            ::1|[42m 200 [0m|     1.9942ms|   match|[44m GET     [0m /static/js/main.min.js
2021/04/15 18:11:52.121 [D] [server.go:2802]  |            ::1|[42m 200 [0m|      997.7µs|   match|[44m GET     [0m /static/js/perfect-scrollbar.min.js
2021/04/15 18:11:52.127 [D] [server.go:2802]  |            ::1|[42m 200 [0m|     8.9756ms|   match|[44m GET     [0m /static/js/Chart.js
2021/04/15 18:11:52.205 [D] [server.go:2802]  |            ::1|[42m 200 [0m|     1.9963ms|   match|[44m GET     [0m /static/fonts/materialdesignicons.woff2
2021/04/15 18:11:55.150 [D] [server.go:2802]  |            ::1|[42m 200 [0m|   166.5539ms|   match|[44m GET     [0m /userinfo   r:/userinfo
2021/04/15 18:11:55.184 [D] [server.go:2802]  |            ::1|[42m 200 [0m|      997.4µs|   match|[44m GET     [0m /static/js/jquery.min.js
2021/04/15 18:11:58.709 [D] [server.go:2802]  |            ::1|[42m 200 [0m|   166.5794ms|   match|[44m GET     [0m /monitorinfo   r:/monitorinfo
2021/04/15 18:12:01.010 [D] [server.go:2802]  |            ::1|[42m 200 [0m|    88.7604ms|   match|[44m GET     [0m /wsssh   r:/wsssh
2021/04/15 18:12:01.043 [D] [server.go:2802]  |            ::1|[42m 200 [0m|      997.4µs|   match|[44m GET     [0m /static/css/xterm.min.css
2021/04/15 18:12:01.043 [D] [server.go:2802]  |            ::1|[42m 200 [0m|      997.4µs|   match|[44m GET     [0m /static/js/xterm.min.js
2021/04/15 18:12:15.031 [D] [server.go:2802]  |            ::1|[42m 200 [0m|    165.596ms|   match|[44m GET     [0m /userinfo   r:/userinfo
2021/04/15 18:12:15.040 [ssh_ws.go:120]  reading webSocket message failed
2021/04/15 18:12:15.042 [C] [panic.go:679]  the request url is  /ws/ssh
2021/04/15 18:12:15.042 [C] [panic.go:679]  Handler crashed with error can't find templatefile in the path:views/websocketcontroller/get.tpl
2021/04/15 18:12:15.042 [C] [panic.go:679]  C:/Go/src/runtime/panic.go:679
2021/04/15 18:12:15.042 [C] [panic.go:679]  C:/Users/qainxun/go/pkg/mod/github.com/astaxie/beego@v1.12.2/template.go:75
2021/04/15 18:12:15.042 [C] [panic.go:679]  C:/Users/qainxun/go/pkg/mod/github.com/astaxie/beego@v1.12.2/controller.go:306
2021/04/15 18:12:15.042 [C] [panic.go:679]  C:/Users/qainxun/go/pkg/mod/github.com/astaxie/beego@v1.12.2/controller.go:257
2021/04/15 18:12:15.042 [C] [panic.go:679]  C:/Users/qainxun/go/pkg/mod/github.com/astaxie/beego@v1.12.2/controller.go:237
2021/04/15 18:12:15.042 [C] [panic.go:679]  C:/Users/qainxun/go/pkg/mod/github.com/astaxie/beego@v1.12.2/router.go:903
2021/04/15 18:12:15.042 [C] [panic.go:679]  C:/Go/src/net/http/server.go:2802
2021/04/15 18:12:15.043 [C] [panic.go:679]  C:/Go/src/net/http/server.go:1890
2021/04/15 18:12:15.043 [C] [panic.go:679]  C:/Go/src/runtime/asm_amd64.s:1357
2021/04/15 18:12:15.043 [server.go:3053]  [HTTP] http: response.Write on hijacked connection from github.com/astaxie/beego/context.(*Response).Write (context.go:218)
2021/04/15 18:12:15.043 [server.go:3053]  [HTTP] http: response.WriteHeader on hijacked connection from github.com/astaxie/beego/context.(*Response).WriteHeader (context.go:230)
2021/04/15 18:12:15.201 [ssh_ws.go:183]  ssh session wait failed
2021/04/15 18:12:19.337 [D] [server.go:2802]  |            ::1|[42m 200 [0m|     2.9926ms|   match|[44m GET     [0m /monitor   r:/monitor
2021/04/15 18:12:21.123 [D] [server.go:2802]  |            ::1|[42m 200 [0m|    85.7719ms|   match|[44m GET     [0m /monitorinfo   r:/monitorinfo
2021/04/15 18:12:23.133 [D] [server.go:2802]  |            ::1|[42m 200 [0m|    45.8763ms|   match|[44m GET     [0m /wsssh   r:/wsssh
2021/04/15 18:13:35.570 [D] [server.go:2802]  |            ::1|[42m 200 [0m|      1.996ms|   match|[44m GET     [0m /monitor   r:/monitor
2021/04/15 18:13:42.993 [D] [server.go:2802]  |            ::1|[42m 200 [0m|    42.8829ms|   match|[44m GET     [0m /wsssh   r:/wsssh
2021/04/15 18:13:46.035 [D] [server.go:2802]  |            ::1|[42m 200 [0m|    41.8892ms|   match|[44m GET     [0m /wsssh   r:/wsssh
2021/04/15 18:13:47.897 [D] [server.go:2802]  |            ::1|[42m 200 [0m|      1.999ms|   match|[44m GET     [0m /monitor   r:/monitor
2021/04/15 18:13:56.218 [D] [server.go:2802]  |            ::1|[42m 200 [0m|     2.9932ms|   match|[44m GET     [0m /monitor   r:/monitor
2021/04/15 18:14:09.306 [D] [server.go:2802]  |            ::1|[47m 302 [0m|     1.9946ms|   match|[44m GET     [0m /exit   r:/exit
2021/04/15 18:14:09.313 [D] [server.go:2802]  |            ::1|[42m 200 [0m|     2.9924ms|   match|[44m GET     [0m /login   r:/login
2021/04/15 18:14:09.382 [D] [server.go:2802]  |            ::1|[42m 200 [0m|     1.9934ms|   match|[44m GET     [0m /captcha   r:/captcha
2021/04/15 18:17:19.135 [D] [server.go:2802]  |            ::1|[47m 302 [0m|     1.9948ms|   match|[44m GET     [0m /     r:/
2021/04/15 18:17:19.163 [D] [server.go:2802]  |            ::1|[42m 200 [0m|     2.9955ms|   match|[44m GET     [0m /login   r:/login
2021/04/15 18:17:19.301 [D] [server.go:2802]  |            ::1|[42m 200 [0m|      996.5µs|   match|[44m GET     [0m /captcha   r:/captcha
2021/04/15 18:17:19.438 [D] [server.go:2802]  |            ::1|[43m 404 [0m|           0s| nomatch|[44m GET     [0m /favicon.ico
2021/04/15 18:17:21.627 [D] [server.go:2802]  |            ::1|[42m 200 [0m|      997.8µs|   match|[44m GET     [0m /login   r:/login
2021/04/15 18:17:21.658 [D] [server.go:2802]  |            ::1|[42m 200 [0m|     2.9918ms|   match|[44m GET     [0m /captcha   r:/captcha
2021/04/15 18:17:35.180 [I] [asm_amd64.s:1357]  http server Running on http://0.0.0.0:8080
2021/04/15 18:17:36.695 [D] [server.go:2802]  |            ::1|[42m 200 [0m|     3.9894ms|   match|[44m GET     [0m /login   r:/login
2021/04/15 18:17:36.731 [D] [server.go:2802]  |            ::1|[42m 200 [0m|     1.9942ms|   match|[44m GET     [0m /captcha   r:/captcha
2021/04/15 18:17:56.441 [D] [server.go:2802]  |            ::1|[42m 200 [0m|        996µs|   match|[44m GET     [0m /login   r:/login
2021/04/15 18:17:56.469 [D] [server.go:2802]  |            ::1|[42m 200 [0m|      997.6µs|   match|[44m GET     [0m /static/js/lib/jquery.url.js
2021/04/15 18:17:56.471 [D] [server.go:2802]  |            ::1|[42m 200 [0m|        996µs|   match|[44m GET     [0m /static/js/login.js
2021/04/15 18:17:56.471 [D] [server.go:2802]  |            ::1|[42m 200 [0m|        996µs|   match|[44m GET     [0m /static/css/bootstrap.min.css
2021/04/15 18:17:56.473 [D] [server.go:2802]  |            ::1|[42m 200 [0m|     2.9913ms|   match|[44m GET     [0m /static/css/font-awesome.css
2021/04/15 18:17:56.476 [D] [server.go:2802]  |            ::1|[42m 200 [0m|     5.9836ms|   match|[44m GET     [0m /static/css/animate.css
2021/04/15 18:17:56.476 [D] [server.go:2802]  |            ::1|[42m 200 [0m|     3.9899ms|   match|[44m GET     [0m /static/css/style.css
2021/04/15 18:17:56.478 [D] [server.go:2802]  |            ::1|[42m 200 [0m|     8.9748ms|   match|[44m GET     [0m /static/js/lib/jquery-3.3.1.min.js
2021/04/15 18:17:56.482 [D] [server.go:2802]  |            ::1|[42m 200 [0m|           0s|   match|[44m GET     [0m /static/css/login.css
2021/04/15 18:17:56.535 [D] [server.go:2802]  |            ::1|[42m 200 [0m|      998.4µs|   match|[44m GET     [0m /static/images/log.png
2021/04/15 18:17:56.558 [D] [server.go:2802]  |            ::1|[42m 200 [0m|     4.9906ms|   match|[44m GET     [0m /captcha   r:/captcha
2021/04/15 18:18:24.408 [D] [server.go:2802]  |            ::1|[42m 200 [0m|      996.7µs|   match|[44m GET     [0m /login   r:/login
2021/04/15 18:18:24.463 [D] [server.go:2802]  |            ::1|[42m 200 [0m|     2.9983ms|   match|[44m GET     [0m /captcha   r:/captcha
2021/04/15 18:18:33.501 [D] [server.go:2802]  |            ::1|[42m 200 [0m|      997.8µs|   match|[44m GET     [0m /login   r:/login
2021/04/15 18:18:33.562 [D] [server.go:2802]  |            ::1|[42m 200 [0m|     1.9947ms|   match|[44m GET     [0m /captcha   r:/captcha
2021/04/15 18:18:44.439 [D] [server.go:2802]  |            ::1|[42m 200 [0m|      996.4µs|   match|[44m GET     [0m /login   r:/login
2021/04/15 18:18:44.507 [D] [server.go:2802]  |            ::1|[42m 200 [0m|      998.9µs|   match|[44m GET     [0m /captcha   r:/captcha
2021/04/15 18:18:53.144 [D] [server.go:2802]  |            ::1|[42m 200 [0m|           0s|   match|[44m GET     [0m /login   r:/login
2021/04/15 18:18:53.240 [D] [server.go:2802]  |            ::1|[42m 200 [0m|     1.9951ms|   match|[44m GET     [0m /captcha   r:/captcha
2021/04/15 18:19:01.402 [D] [server.go:2802]  |            ::1|[42m 200 [0m|      999.5µs|   match|[44m GET     [0m /login   r:/login
2021/04/15 18:19:01.431 [D] [server.go:2802]  |            ::1|[42m 200 [0m|     2.9941ms|   match|[44m GET     [0m /captcha   r:/captcha
2021/04/15 18:19:09.237 [D] [server.go:2802]  |            ::1|[42m 200 [0m|      997.4µs|   match|[44m GET     [0m /login   r:/login
2021/04/15 18:19:09.264 [D] [server.go:2802]  |            ::1|[42m 200 [0m|      996.9µs|   match|[44m GET     [0m /captcha   r:/captcha
2021/04/15 18:19:20.522 [D] [server.go:2802]  |            ::1|[42m 200 [0m|      994.2µs|   match|[44m GET     [0m /login   r:/login
2021/04/15 18:19:20.546 [D] [server.go:2802]  |            ::1|[42m 200 [0m|     1.9963ms|   match|[44m GET     [0m /captcha   r:/captcha
2021/04/15 18:19:49.800 [D] [server.go:2802]  |            ::1|[42m 200 [0m|      997.8µs|   match|[44m GET     [0m /login   r:/login
2021/04/15 18:19:49.826 [D] [server.go:2802]  |            ::1|[42m 200 [0m|     1.9942ms|   match|[44m GET     [0m /captcha   r:/captcha
2021/04/15 18:19:59.347 [D] [server.go:2802]  |            ::1|[42m 200 [0m|   160.5714ms|   match|[46m POST    [0m /login   r:/login
2021/04/15 18:20:00.749 [D] [server.go:2802]  |            ::1|[42m 200 [0m|   155.5846ms|   match|[44m GET     [0m /     r:/
2021/04/15 18:20:00.799 [D] [server.go:2802]  |            ::1|[42m 200 [0m|        998µs|   match|[44m GET     [0m /static/js/ssh.js
2021/04/15 18:20:00.803 [D] [server.go:2802]  |            ::1|[42m 200 [0m|     3.9906ms|   match|[44m GET     [0m /static/css/materialdesignicons.min.css
2021/04/15 18:20:00.804 [D] [server.go:2802]  |            ::1|[42m 200 [0m|     4.9865ms|   match|[44m GET     [0m /static/css/style.min.css
2021/04/15 18:20:00.827 [D] [server.go:2802]  |            ::1|[42m 200 [0m|      997.1µs|   match|[44m GET     [0m /static/js/bootstrap.min.js
2021/04/15 18:20:00.835 [D] [server.go:2802]  |            ::1|[42m 200 [0m|     1.9936ms|   match|[44m GET     [0m /static/js/perfect-scrollbar.min.js
2021/04/15 18:20:00.847 [D] [server.go:2802]  |            ::1|[42m 200 [0m|        997µs|   match|[44m GET     [0m /static/js/main.min.js
2021/04/15 18:20:00.854 [D] [server.go:2802]  |            ::1|[42m 200 [0m|     7.9783ms|   match|[44m GET     [0m /static/js/Chart.js
2021/04/15 18:20:00.933 [D] [server.go:2802]  |            ::1|[42m 200 [0m|     1.9949ms|   match|[44m GET     [0m /static/fonts/materialdesignicons.woff2
2021/04/15 18:20:03.684 [D] [server.go:2802]  |            ::1|[42m 200 [0m|    97.7379ms|   match|[44m GET     [0m /     r:/
2021/04/15 18:20:04.366 [D] [server.go:2802]  |            ::1|[42m 200 [0m|    71.8068ms|   match|[44m GET     [0m /     r:/
2021/04/15 18:20:04.795 [D] [server.go:2802]  |            ::1|[42m 200 [0m|    70.8105ms|   match|[44m GET     [0m /     r:/
2021/04/15 18:20:05.585 [D] [server.go:2802]  |            ::1|[42m 200 [0m|     2.9955ms|   match|[44m GET     [0m /login   r:/login
2021/04/15 18:20:12.632 [D] [server.go:2802]  |            ::1|[42m 200 [0m|    78.7899ms|   match|[46m POST    [0m /login   r:/login
2021/04/15 18:20:14.310 [D] [server.go:2802]  |            ::1|[42m 200 [0m|    46.8728ms|   match|[44m GET     [0m /     r:/
2021/04/15 18:20:17.314 [D] [server.go:2802]  |            ::1|[42m 200 [0m|     2.9967ms|   match|[44m GET     [0m /monitor   r:/monitor
2021/04/15 18:20:19.673 [D] [server.go:2802]  |            ::1|[42m 200 [0m|   570.4741ms|   match|[44m GET     [0m /userinfo   r:/userinfo
2021/04/15 18:20:19.705 [D] [server.go:2802]  |            ::1|[42m 200 [0m|     1.9973ms|   match|[44m GET     [0m /static/js/jquery.min.js
2021/04/15 18:20:22.473 [D] [server.go:2802]  |            ::1|[42m 200 [0m|   402.9221ms|   match|[44m GET     [0m /userinfo/   r:/userinfo
2021/04/15 18:20:24.378 [D] [server.go:2802]  |            ::1|[42m 200 [0m|     2.9944ms|   match|[44m GET     [0m /adduser   r:/adduser
2021/04/15 18:20:27.186 [D] [server.go:2802]  |            ::1|[42m 200 [0m|   156.5797ms|   match|[44m GET     [0m /wsssh   r:/wsssh
2021/04/15 18:20:27.221 [D] [server.go:2802]  |            ::1|[42m 200 [0m|      995.2µs|   match|[44m GET     [0m /static/css/xterm.min.css
2021/04/15 18:20:27.241 [D] [server.go:2802]  |            ::1|[42m 200 [0m|     1.9942ms|   match|[44m GET     [0m /static/js/xterm.min.js
2021/04/15 18:20:36.332 [D] [server.go:2802]  |            ::1|[42m 200 [0m|   452.7877ms|   match|[44m GET     [0m /userinfo   r:/userinfo
2021/04/15 18:20:36.342 [ssh_ws.go:120]  reading webSocket message failed
2021/04/15 18:20:36.344 [C] [panic.go:679]  the request url is  /ws/ssh
2021/04/15 18:20:36.344 [C] [panic.go:679]  Handler crashed with error can't find templatefile in the path:views/websocketcontroller/get.tpl
2021/04/15 18:20:36.344 [C] [panic.go:679]  C:/Go/src/runtime/panic.go:679
2021/04/15 18:20:36.344 [C] [panic.go:679]  C:/Users/qainxun/go/pkg/mod/github.com/astaxie/beego@v1.12.2/template.go:75
2021/04/15 18:20:36.344 [C] [panic.go:679]  C:/Users/qainxun/go/pkg/mod/github.com/astaxie/beego@v1.12.2/controller.go:306
2021/04/15 18:20:36.344 [C] [panic.go:679]  C:/Users/qainxun/go/pkg/mod/github.com/astaxie/beego@v1.12.2/controller.go:257
2021/04/15 18:20:36.344 [C] [panic.go:679]  C:/Users/qainxun/go/pkg/mod/github.com/astaxie/beego@v1.12.2/controller.go:237
2021/04/15 18:20:36.344 [C] [panic.go:679]  C:/Users/qainxun/go/pkg/mod/github.com/astaxie/beego@v1.12.2/router.go:903
2021/04/15 18:20:36.344 [C] [panic.go:679]  C:/Go/src/net/http/server.go:2802
2021/04/15 18:20:36.344 [C] [panic.go:679]  C:/Go/src/net/http/server.go:1890
2021/04/15 18:20:36.344 [C] [panic.go:679]  C:/Go/src/runtime/asm_amd64.s:1357
2021/04/15 18:20:36.344 [server.go:3053]  [HTTP] http: response.Write on hijacked connection from github.com/astaxie/beego/context.(*Response).Write (context.go:218)
2021/04/15 18:20:36.344 [server.go:3053]  [HTTP] http: response.WriteHeader on hijacked connection from github.com/astaxie/beego/context.(*Response).WriteHeader (context.go:230)
2021/04/15 18:20:36.415 [ssh_ws.go:183]  ssh session wait failed
2021/04/15 18:20:38.574 [D] [server.go:2802]  |            ::1|[42m 200 [0m|     1.9971ms|   match|[44m GET     [0m /monitor   r:/monitor
2021/04/15 18:21:01.122 [D] [server.go:2802]  |            ::1|[42m 200 [0m|     130.65ms|   match|[44m GET     [0m /userinfo/   r:/userinfo
2021/04/15 18:21:05.048 [D] [server.go:2802]  |            ::1|[42m 200 [0m|     1.9946ms|   match|[44m GET     [0m /adduser   r:/adduser
2021/04/15 18:21:07.838 [D] [server.go:2802]  |            ::1|[42m 200 [0m|    88.7607ms|   match|[44m GET     [0m /userinfo   r:/userinfo
2021/04/15 18:21:09.911 [D] [server.go:2802]  |            ::1|[42m 200 [0m|      2.992ms|   match|[44m GET     [0m /adduser   r:/adduser
2021/04/15 18:21:11.980 [D] [server.go:2802]  |            ::1|[42m 200 [0m|     2.9908ms|   match|[44m GET     [0m /adduser   r:/adduser
2021/04/15 18:21:14.719 [D] [server.go:2802]  |            ::1|[42m 200 [0m|    87.7645ms|   match|[44m GET     [0m /userinfo   r:/userinfo
2021/04/15 18:21:55.867 [D] [server.go:2802]  |            ::1|[42m 200 [0m|   130.6836ms|   match|[44m GET     [0m /userinfo/   r:/userinfo
2021/04/15 18:21:58.265 [D] [server.go:2802]  |            ::1|[42m 200 [0m|     2.9925ms|   match|[44m GET     [0m /adduser   r:/adduser
2021/04/15 18:22:01.256 [D] [server.go:2802]  |            ::1|[42m 200 [0m|      996.9µs|   match|[44m GET     [0m /monitor   r:/monitor
2021/04/15 18:22:03.340 [D] [server.go:2802]  |            ::1|[42m 200 [0m|    86.7653ms|   match|[44m GET     [0m /userinfo   r:/userinfo
2021/04/15 18:22:48.988 [D] [server.go:2802]  |            ::1|[42m 200 [0m|    87.7654ms|   match|[44m GET     [0m /userinfo   r:/userinfo
2021/04/15 18:22:52.869 [D] [server.go:2802]  |            ::1|[42m 200 [0m|    86.7681ms|   match|[44m GET     [0m /userinfo/   r:/userinfo
2021/04/15 18:22:53.010 [D] [server.go:2802]  |            ::1|[43m 404 [0m|           0s| nomatch|[44m GET     [0m /userinfo/favicon.ico
2021/04/15 18:22:53.415 [D] [server.go:2802]  |            ::1|[42m 200 [0m|    87.7642ms|   match|[44m GET     [0m /userinfo/   r:/userinfo
2021/04/15 18:22:53.671 [D] [server.go:2802]  |            ::1|[42m 200 [0m|    87.7652ms|   match|[44m GET     [0m /userinfo/   r:/userinfo
2021/04/15 18:22:54.199 [D] [server.go:2802]  |            ::1|[42m 200 [0m|    87.7652ms|   match|[44m GET     [0m /userinfo/   r:/userinfo
2021/04/15 18:22:54.674 [D] [server.go:2802]  |            ::1|[42m 200 [0m|    86.7605ms|   match|[44m GET     [0m /userinfo/   r:/userinfo
2021/04/15 18:22:55.102 [D] [server.go:2802]  |            ::1|[42m 200 [0m|    87.7616ms|   match|[44m GET     [0m /userinfo/   r:/userinfo
2021/04/15 18:23:34.822 [D] [server.go:2802]  |            ::1|[47m 302 [0m|      998.9µs|   match|[44m GET     [0m /exit   r:/exit
2021/04/15 18:23:34.826 [D] [server.go:2802]  |            ::1|[42m 200 [0m|           0s|   match|[44m GET     [0m /login   r:/login
2021/04/15 18:23:34.890 [D] [server.go:2802]  |            ::1|[42m 200 [0m|     1.9934ms|   match|[44m GET     [0m /captcha   r:/captcha
2021/04/15 18:25:31.608 [D] [server.go:2802]  |            ::1|[47m 302 [0m|      9.974ms|   match|[44m GET     [0m /     r:/
2021/04/15 18:25:31.623 [D] [server.go:2802]  |            ::1|[42m 200 [0m|     3.9888ms|   match|[44m GET     [0m /login   r:/login
2021/04/15 18:25:31.805 [D] [server.go:2802]  |            ::1|[42m 200 [0m|     1.9937ms|   match|[44m GET     [0m /captcha   r:/captcha
2021/04/15 18:25:45.625 [D] [server.go:2802]  |            ::1|[42m 200 [0m|      996.1µs|   match|[44m GET     [0m /login   r:/login
2021/04/15 18:25:45.675 [D] [server.go:2802]  |            ::1|[42m 200 [0m|      1.994ms|   match|[44m GET     [0m /captcha   r:/captcha
2021/04/15 18:26:02.091 [D] [server.go:2802]  |            ::1|[42m 200 [0m|     1.9966ms|   match|[44m GET     [0m /login   r:/login
2021/04/15 18:26:02.138 [D] [server.go:2802]  |            ::1|[42m 200 [0m|     3.9898ms|   match|[44m GET     [0m /captcha   r:/captcha
2021/04/15 18:26:10.317 [D] [server.go:2802]  |            ::1|[42m 200 [0m|      992.7µs|   match|[44m GET     [0m /login   r:/login
2021/04/15 18:26:10.363 [D] [server.go:2802]  |            ::1|[42m 200 [0m|     1.9939ms|   match|[44m GET     [0m /captcha   r:/captcha
2021/04/15 18:26:40.228 [D] [server.go:2802]  |            ::1|[42m 200 [0m|      994.5µs|   match|[44m GET     [0m /login   r:/login
2021/04/15 18:26:40.285 [D] [server.go:2802]  |            ::1|[42m 200 [0m|     2.9914ms|   match|[44m GET     [0m /captcha   r:/captcha
2021/04/15 18:26:56.810 [D] [server.go:2802]  |            ::1|[42m 200 [0m|     1.9947ms|   match|[44m GET     [0m /login   r:/login
2021/04/15 18:26:56.870 [D] [server.go:2802]  |            ::1|[42m 200 [0m|     2.9902ms|   match|[44m GET     [0m /captcha   r:/captcha
2021/04/15 18:27:05.163 [D] [server.go:2802]  |            ::1|[42m 200 [0m|      1.032ms|   match|[44m GET     [0m /login   r:/login
2021/04/15 18:27:05.212 [D] [server.go:2802]  |            ::1|[42m 200 [0m|     1.9922ms|   match|[44m GET     [0m /captcha   r:/captcha
2021/04/15 18:27:35.884 [D] [server.go:2802]  |            ::1|[42m 200 [0m|     1.9994ms|   match|[44m GET     [0m /login   r:/login
2021/04/15 18:27:35.934 [D] [server.go:2802]  |            ::1|[42m 200 [0m|     1.9934ms|   match|[44m GET     [0m /captcha   r:/captcha
2021/04/15 18:27:49.572 [D] [server.go:2802]  |            ::1|[42m 200 [0m|      998.2µs|   match|[44m GET     [0m /login   r:/login
2021/04/15 18:27:49.660 [D] [server.go:2802]  |            ::1|[42m 200 [0m|     1.9973ms|   match|[44m GET     [0m /captcha   r:/captcha
2021/04/15 18:28:07.180 [D] [server.go:2802]  |            ::1|[42m 200 [0m|      991.3µs|   match|[44m GET     [0m /login   r:/login
2021/04/15 18:28:07.229 [D] [server.go:2802]  |            ::1|[42m 200 [0m|     1.9919ms|   match|[44m GET     [0m /captcha   r:/captcha
2021/04/15 18:28:15.222 [D] [server.go:2802]  |            ::1|[42m 200 [0m|      997.1µs|   match|[44m GET     [0m /login   r:/login
2021/04/15 18:28:15.248 [D] [server.go:2802]  |            ::1|[42m 200 [0m|     3.0248ms|   match|[44m GET     [0m /captcha   r:/captcha
2021/04/15 18:28:30.252 [D] [server.go:2802]  |            ::1|[42m 200 [0m|    74.7998ms|   match|[46m POST    [0m /login   r:/login
2021/04/15 18:28:31.738 [D] [server.go:2802]  |            ::1|[42m 200 [0m|    44.8786ms|   match|[44m GET     [0m /     r:/
2021/04/15 18:28:38.720 [D] [server.go:2802]  |            ::1|[42m 200 [0m|      995.7µs|   match|[44m GET     [0m /login   r:/login
2021/04/15 18:28:56.307 [D] [server.go:2802]  |            ::1|[42m 200 [0m|      995.2µs|   match|[44m GET     [0m /login   r:/login
2021/04/15 18:28:56.337 [D] [server.go:2802]  |            ::1|[42m 200 [0m|     1.9962ms|   match|[44m GET     [0m /captcha   r:/captcha
2021/04/15 18:29:07.924 [D] [server.go:2802]  |            ::1|[42m 200 [0m|     1.9923ms|   match|[44m GET     [0m /login   r:/login
2021/04/15 18:29:07.949 [D] [server.go:2802]  |            ::1|[42m 200 [0m|     2.9923ms|   match|[44m GET     [0m /captcha   r:/captcha
2021/04/15 18:29:18.218 [D] [server.go:2802]  |            ::1|[42m 200 [0m|      993.4µs|   match|[44m GET     [0m /login   r:/login
2021/04/15 18:29:18.243 [D] [server.go:2802]  |            ::1|[42m 200 [0m|     2.9918ms|   match|[44m GET     [0m /captcha   r:/captcha
2021/04/15 18:29:25.409 [D] [server.go:2802]  |            ::1|[42m 200 [0m|      996.4µs|   match|[44m GET     [0m /login   r:/login
2021/04/15 18:29:25.440 [D] [server.go:2802]  |            ::1|[42m 200 [0m|     2.0217ms|   match|[44m GET     [0m /captcha   r:/captcha
2021/04/15 18:29:31.219 [D] [server.go:2802]  |            ::1|[42m 200 [0m|      996.1µs|   match|[44m GET     [0m /login   r:/login
2021/04/15 18:29:31.245 [D] [server.go:2802]  |            ::1|[42m 200 [0m|     1.9941ms|   match|[44m GET     [0m /captcha   r:/captcha
2021/04/15 18:29:42.989 [D] [server.go:2802]  |            ::1|[42m 200 [0m|    93.7485ms|   match|[46m POST    [0m /login   r:/login
2021/04/15 18:29:44.329 [D] [server.go:2802]  |            ::1|[42m 200 [0m|    51.8927ms|   match|[44m GET     [0m /     r:/
2021/04/15 18:29:47.007 [D] [server.go:2802]  |            ::1|[42m 200 [0m|     1.9966ms|   match|[44m GET     [0m /monitor   r:/monitor
2021/04/15 18:29:49.262 [D] [server.go:2802]  |            ::1|[42m 200 [0m|    88.7638ms|   match|[44m GET     [0m /userinfo   r:/userinfo
2021/04/15 18:29:50.935 [D] [server.go:2802]  |            ::1|[42m 200 [0m|     1.9949ms|   match|[44m GET     [0m /monitor   r:/monitor
2021/04/15 18:29:52.809 [D] [server.go:2802]  |            ::1|[42m 200 [0m|   172.5371ms|   match|[44m GET     [0m /monitorinfo   r:/monitorinfo
2021/04/15 18:29:56.114 [D] [server.go:2802]  |            ::1|[42m 200 [0m|    44.8796ms|   match|[44m GET     [0m /wsssh   r:/wsssh
2021/04/15 18:30:03.638 [D] [server.go:2802]  |            ::1|[47m 302 [0m|           0s|   match|[44m GET     [0m /exit   r:/exit
2021/04/15 18:30:03.645 [D] [server.go:2802]  |            ::1|[42m 200 [0m|     1.9948ms|   match|[44m GET     [0m /login   r:/login
2021/04/15 18:30:03.654 [ssh_ws.go:120]  reading webSocket message failed
2021/04/15 18:30:03.656 [C] [panic.go:679]  the request url is  /ws/ssh
2021/04/15 18:30:03.656 [C] [panic.go:679]  Handler crashed with error can't find templatefile in the path:views/websocketcontroller/get.tpl
2021/04/15 18:30:03.656 [C] [panic.go:679]  C:/Go/src/runtime/panic.go:679
2021/04/15 18:30:03.656 [C] [panic.go:679]  C:/Users/qainxun/go/pkg/mod/github.com/astaxie/beego@v1.12.2/template.go:75
2021/04/15 18:30:03.656 [C] [panic.go:679]  C:/Users/qainxun/go/pkg/mod/github.com/astaxie/beego@v1.12.2/controller.go:306
2021/04/15 18:30:03.656 [C] [panic.go:679]  C:/Users/qainxun/go/pkg/mod/github.com/astaxie/beego@v1.12.2/controller.go:257
2021/04/15 18:30:03.656 [C] [panic.go:679]  C:/Users/qainxun/go/pkg/mod/github.com/astaxie/beego@v1.12.2/controller.go:237
2021/04/15 18:30:03.656 [C] [panic.go:679]  C:/Users/qainxun/go/pkg/mod/github.com/astaxie/beego@v1.12.2/router.go:903
2021/04/15 18:30:03.656 [C] [panic.go:679]  C:/Go/src/net/http/server.go:2802
2021/04/15 18:30:03.656 [C] [panic.go:679]  C:/Go/src/net/http/server.go:1890
2021/04/15 18:30:03.656 [C] [panic.go:679]  C:/Go/src/runtime/asm_amd64.s:1357
2021/04/15 18:30:03.656 [server.go:3053]  [HTTP] http: response.Write on hijacked connection from github.com/astaxie/beego/context.(*Response).Write (context.go:218)
2021/04/15 18:30:03.656 [server.go:3053]  [HTTP] http: response.WriteHeader on hijacked connection from github.com/astaxie/beego/context.(*Response).WriteHeader (context.go:230)
2021/04/15 18:30:03.711 [ssh_ws.go:183]  ssh session wait failed
2021/04/15 18:30:03.739 [D] [server.go:2802]  |            ::1|[42m 200 [0m|     2.9914ms|   match|[44m GET     [0m /captcha   r:/captcha
2021/04/15 18:30:58.283 [D] [server.go:2802]  |            ::1|[42m 200 [0m|     1.9944ms|   match|[44m GET     [0m /login   r:/login
2021/04/15 18:30:58.328 [D] [server.go:2802]  |            ::1|[42m 200 [0m|      997.7µs|   match|[44m GET     [0m /captcha   r:/captcha
2021/04/15 18:31:11.651 [D] [server.go:2802]  |            ::1|[42m 200 [0m|      998.1µs|   match|[44m GET     [0m /login   r:/login
2021/04/15 18:31:11.692 [D] [server.go:2802]  |            ::1|[42m 200 [0m|      996.8µs|   match|[44m GET     [0m /captcha   r:/captcha
2021/04/16 10:11:20.729 [I] [asm_amd64.s:1357]  http server Running on http://0.0.0.0:8080
2021/04/16 10:12:28.275 [D] [server.go:2802]  |            ::1|[47m 302 [0m|    17.0578ms|   match|[44m GET     [0m /     r:/
2021/04/16 10:12:28.281 [D] [server.go:2802]  |            ::1|[42m 200 [0m|      1.994ms|   match|[44m GET     [0m /login   r:/login
2021/04/16 10:12:28.370 [D] [server.go:2802]  |            ::1|[43m 404 [0m|     5.2865ms| nomatch|[44m GET     [0m /static/images/log.png
2021/04/16 10:12:28.373 [D] [server.go:2802]  |            ::1|[42m 200 [0m|     2.9928ms|   match|[44m GET     [0m /captcha   r:/captcha
2021/04/16 10:12:31.765 [D] [server.go:2802]  |            ::1|[43m 404 [0m|      697.7µs| nomatch|[44m GET     [0m /favicon.ico
2021/04/16 11:20:35.533 [I] [asm_amd64.s:1357]  http server Running on http://0.0.0.0:8080
2021/04/16 11:20:44.347 [D] [server.go:2802]  |            ::1|[43m 404 [0m|     8.2143ms| nomatch|[44m GET     [0m /  
2021/04/16 11:20:44.606 [D] [server.go:2802]  |            ::1|[43m 404 [0m|     8.0518ms| nomatch|[44m GET     [0m /favicon.ico
2021/04/16 11:20:49.949 [D] [server.go:2802]  |            ::1|[42m 200 [0m|     5.7275ms|   match|[44m GET     [0m /login   r:/login
2021/04/16 11:20:50.073 [D] [server.go:2802]  |            ::1|[43m 404 [0m|           0s| nomatch|[44m GET     [0m /static/images/log.png
2021/04/16 11:20:50.088 [D] [server.go:2802]  |            ::1|[43m 404 [0m|           0s| nomatch|[44m GET     [0m /captcha
2021/04/16 11:20:53.445 [D] [server.go:2802]  |            ::1|[43m 404 [0m|      2.539ms| nomatch|[44m GET     [0m /captcha
2021/04/16 11:20:54.029 [D] [server.go:2802]  |            ::1|[43m 404 [0m|           0s| nomatch|[44m GET     [0m /captcha
2021/04/16 11:20:54.277 [D] [server.go:2802]  |            ::1|[43m 404 [0m|     2.1836ms| nomatch|[44m GET     [0m /captcha
2021/04/16 11:20:54.509 [D] [server.go:2802]  |            ::1|[43m 404 [0m|      139.1µs| nomatch|[44m GET     [0m /captcha
2021/04/16 11:20:54.734 [D] [server.go:2802]  |            ::1|[43m 404 [0m|     3.4439ms| nomatch|[44m GET     [0m /captcha
2021/04/16 11:20:54.933 [D] [server.go:2802]  |            ::1|[43m 404 [0m|     3.0549ms| nomatch|[44m GET     [0m /captcha
2021/04/16 11:20:55.133 [D] [server.go:2802]  |            ::1|[43m 404 [0m|      504.8µs| nomatch|[44m GET     [0m /captcha
2021/04/16 11:20:55.341 [D] [server.go:2802]  |            ::1|[43m 404 [0m|     2.4262ms| nomatch|[44m GET     [0m /captcha
2021/04/16 11:20:55.541 [D] [server.go:2802]  |            ::1|[43m 404 [0m|     2.8428ms| nomatch|[44m GET     [0m /captcha
2021/04/16 11:20:55.741 [D] [server.go:2802]  |            ::1|[43m 404 [0m|     2.2036ms| nomatch|[44m GET     [0m /captcha
2021/04/16 11:20:55.956 [D] [server.go:2802]  |            ::1|[43m 404 [0m|      2.141ms| nomatch|[44m GET     [0m /captcha
2021/04/16 11:20:56.149 [D] [server.go:2802]  |            ::1|[43m 404 [0m|     2.5354ms| nomatch|[44m GET     [0m /captcha
2021/04/16 11:20:56.366 [D] [server.go:2802]  |            ::1|[43m 404 [0m|     3.5862ms| nomatch|[44m GET     [0m /captcha
2021/04/16 11:20:56.565 [D] [server.go:2802]  |            ::1|[43m 404 [0m|     2.9925ms| nomatch|[44m GET     [0m /captcha
2021/04/16 11:20:56.773 [D] [server.go:2802]  |            ::1|[43m 404 [0m|     2.2167ms| nomatch|[44m GET     [0m /captcha
2021/04/16 11:20:56.989 [D] [server.go:2802]  |            ::1|[43m 404 [0m|      163.1µs| nomatch|[44m GET     [0m /captcha
2021/04/16 11:20:57.181 [D] [server.go:2802]  |            ::1|[43m 404 [0m|     2.8525ms| nomatch|[44m GET     [0m /captcha
2021/04/16 11:20:59.398 [D] [server.go:2802]  |            ::1|[43m 404 [0m|      366.8µs| nomatch|[44m GET     [0m /captcha
2021/04/16 11:20:59.621 [D] [server.go:2802]  |            ::1|[43m 404 [0m|     2.5069ms| nomatch|[44m GET     [0m /captcha
2021/04/16 11:20:59.844 [D] [server.go:2802]  |            ::1|[43m 404 [0m|     1.9565ms| nomatch|[44m GET     [0m /captcha
2021/04/16 11:21:00.053 [D] [server.go:2802]  |            ::1|[43m 404 [0m|     2.8011ms| nomatch|[44m GET     [0m /captcha
2021/04/16 11:21:00.245 [D] [server.go:2802]  |            ::1|[43m 404 [0m|     2.3133ms| nomatch|[44m GET     [0m /captcha
2021/04/16 11:21:00.445 [D] [server.go:2802]  |            ::1|[43m 404 [0m|     2.1844ms| nomatch|[44m GET     [0m /captcha
2021/04/16 11:21:00.645 [D] [server.go:2802]  |            ::1|[43m 404 [0m|     2.4325ms| nomatch|[44m GET     [0m /captcha
2021/04/16 11:21:00.853 [D] [server.go:2802]  |            ::1|[43m 404 [0m|     2.6537ms| nomatch|[44m GET     [0m /captcha
2021/04/16 11:21:01.068 [D] [server.go:2802]  |            ::1|[43m 404 [0m|           0s| nomatch|[44m GET     [0m /captcha
2021/04/16 11:21:01.276 [D] [server.go:2802]  |            ::1|[43m 404 [0m|     2.2268ms| nomatch|[44m GET     [0m /captcha
2021/04/16 11:21:01.485 [D] [server.go:2802]  |            ::1|[43m 404 [0m|     2.6885ms| nomatch|[44m GET     [0m /captcha
2021/04/16 11:21:01.701 [D] [server.go:2802]  |            ::1|[43m 404 [0m|     2.6862ms| nomatch|[44m GET     [0m /captcha
2021/04/16 11:21:01.917 [D] [server.go:2802]  |            ::1|[43m 404 [0m|     2.3376ms| nomatch|[44m GET     [0m /captcha
2021/04/16 11:21:02.109 [D] [server.go:2802]  |            ::1|[43m 404 [0m|           0s| nomatch|[44m GET     [0m /captcha
2021/04/16 11:21:02.317 [D] [server.go:2802]  |            ::1|[43m 404 [0m|     2.3705ms| nomatch|[44m GET     [0m /captcha
2021/04/16 11:22:03.712 [I] [asm_amd64.s:1357]  http server Running on http://0.0.0.0:8080
2021/04/16 11:22:05.701 [D] [server.go:2802]  |            ::1|[42m 200 [0m|    12.6505ms|   match|[44m GET     [0m /login   r:/login
2021/04/16 11:22:05.759 [D] [server.go:2802]  |            ::1|[43m 404 [0m|      607.1µs| nomatch|[44m GET     [0m /static/images/log.png
2021/04/16 11:22:05.763 [D] [server.go:2802]  |            ::1|[42m 200 [0m|     1.9941ms|   match|[44m GET     [0m /captcha   r:/captcha
2021/04/16 11:24:16.576 [D] [server.go:2802]  |            ::1|[42m 200 [0m|     5.9328ms|   match|[44m GET     [0m /login   r:/login
2021/04/16 11:24:16.644 [D] [server.go:2802]  |            ::1|[42m 200 [0m|     6.2504ms|   match|[44m GET     [0m /static/images/log.png
2021/04/16 11:24:16.653 [D] [server.go:2802]  |            ::1|[42m 200 [0m|     3.6246ms|   match|[44m GET     [0m /captcha   r:/captcha
2021/04/16 11:24:32.082 [D] [server.go:2802]  |            ::1|[42m 200 [0m|     4.0305ms|   match|[44m GET     [0m /login   r:/login
2021/04/16 11:24:32.129 [D] [server.go:2802]  |            ::1|[42m 200 [0m|     5.7569ms|   match|[44m GET     [0m /captcha   r:/captcha
2021/04/16 11:24:42.276 [D] [server.go:2802]  |            ::1|[42m 200 [0m|     7.6299ms|   match|[44m GET     [0m /login   r:/login
2021/04/16 11:24:42.338 [D] [server.go:2802]  |            ::1|[42m 200 [0m|     4.5287ms|   match|[44m GET     [0m /captcha   r:/captcha
2021/04/16 11:34:40.463 [D] [server.go:2802]  |            ::1|[42m 200 [0m|    98.9258ms|   match|[46m POST    [0m /login   r:/login
2021/04/16 11:34:53.675 [D] [server.go:2802]  |            ::1|[42m 200 [0m|    88.4822ms|   match|[46m POST    [0m /login   r:/login
2021/04/16 11:35:01.544 [D] [server.go:2802]  |            ::1|[42m 200 [0m|    88.6889ms|   match|[46m POST    [0m /login   r:/login
2021/04/16 11:35:03.236 [D] [server.go:2802]  |            ::1|[43m 404 [0m|     1.6791ms| nomatch|[44m GET     [0m /  
2021/04/16 11:35:06.331 [D] [server.go:2802]  |            ::1|[42m 200 [0m|     4.1652ms|   match|[44m GET     [0m /login   r:/login
2021/04/16 11:35:51.662 [D] [server.go:2802]  |            ::1|[42m 200 [0m|     2.3054ms|   match|[44m GET     [0m /login   r:/login
2021/04/16 11:35:51.706 [D] [server.go:2802]  |            ::1|[42m 200 [0m|     9.0954ms|   match|[44m GET     [0m /captcha   r:/captcha
2021/08/02 14:13:23.764 [I] [asm_amd64.s:1371]  http server Running on http://0.0.0.0:8080
2021/08/02 14:14:20.912 [D] [server.go:2867]  |            ::1|[43m 404 [0m|     1.9947ms| nomatch|[44m GET     [0m /  
2021/08/02 14:14:20.962 [D] [server.go:2867]  |            ::1|[43m 404 [0m|      924.4µs| nomatch|[44m GET     [0m /favicon.ico
2021/08/02 14:14:25.896 [D] [server.go:2867]  |            ::1|[42m 200 [0m|      558.4µs|   match|[44m GET     [0m /login   r:/login
2021/08/02 14:14:25.912 [D] [server.go:2867]  |            ::1|[42m 200 [0m|     1.0268ms|   match|[44m GET     [0m /static/js/lib/jquery-3.3.1.min.js
2021/08/02 14:14:25.912 [D] [server.go:2867]  |            ::1|[42m 200 [0m|     1.4707ms|   match|[44m GET     [0m /static/js/lib/jquery.url.js
2021/08/02 14:14:25.914 [D] [server.go:2867]  |            ::1|[42m 200 [0m|      163.6µs|   match|[44m GET     [0m /static/js/login.js
2021/08/02 14:14:25.916 [D] [server.go:2867]  |            ::1|[42m 200 [0m|     2.0013ms|   match|[44m GET     [0m /static/css/animate.css
2021/08/02 14:14:25.917 [D] [server.go:2867]  |            ::1|[42m 200 [0m|        996µs|   match|[44m GET     [0m /static/css/bootstrap.min.css
2021/08/02 14:14:25.917 [D] [server.go:2867]  |            ::1|[42m 200 [0m|           0s|   match|[44m GET     [0m /static/css/login.css
2021/08/02 14:14:25.917 [D] [server.go:2867]  |            ::1|[42m 200 [0m|           0s|   match|[44m GET     [0m /static/css/font-awesome.css
2021/08/02 14:14:25.918 [D] [server.go:2867]  |            ::1|[42m 200 [0m|      718.6µs|   match|[44m GET     [0m /static/css/style.css
2021/08/02 14:14:25.947 [D] [server.go:2867]  |            ::1|[42m 200 [0m|      178.1µs|   match|[44m GET     [0m /static/images/log.png
2021/08/02 14:14:25.952 [D] [server.go:2867]  |            ::1|[42m 200 [0m|     1.5812ms|   match|[44m GET     [0m /captcha   r:/captcha
2021/08/02 15:46:35.113 [I] [asm_amd64.s:1371]  http server Running on http://0.0.0.0:8080
2021/08/02 16:16:36.741 [I] [asm_amd64.s:1371]  http server Running on http://0.0.0.0:8080
2021/08/02 16:21:04.763 [I] [asm_amd64.s:1371]  http server Running on http://0.0.0.0:8080
2021/08/02 16:21:48.746 [I] [asm_amd64.s:1371]  http server Running on http://0.0.0.0:8080
2021/08/02 17:30:41.375 [I] [asm_amd64.s:1371]  http server Running on http://0.0.0.0:8080
2021/08/02 17:31:39.386 [I] [asm_amd64.s:1371]  http server Running on http://0.0.0.0:8080
2021/08/02 17:31:52.270 [D] [server.go:2867]  |            ::1|[42m 200 [0m|     1.5692ms|   match|[44m GET     [0m /login   r:/login
2021/08/02 17:31:52.345 [D] [server.go:2867]  |            ::1|[42m 200 [0m|     2.5789ms|   match|[44m GET     [0m /captcha   r:/captcha
2021/08/02 17:32:02.722 [D] [server.go:2867]  |            ::1|[42m 200 [0m|     1.9942ms|   match|[44m GET     [0m /captcha   r:/captcha
2021/08/02 17:32:03.305 [D] [server.go:2867]  |            ::1|[42m 200 [0m|     2.2711ms|   match|[44m GET     [0m /captcha   r:/captcha
2021/08/02 17:32:03.554 [D] [server.go:2867]  |            ::1|[42m 200 [0m|     3.2465ms|   match|[44m GET     [0m /captcha   r:/captcha
2021/08/02 17:35:19.430 [I] [asm_amd64.s:1371]  http server Running on http://0.0.0.0:8080
2021/08/02 17:35:34.150 [I] [asm_amd64.s:1371]  http server Running on http://0.0.0.0:8080
2021/08/02 17:36:06.880 [I] [asm_amd64.s:1371]  http server Running on http://0.0.0.0:8080
2021/08/02 17:37:56.621 [I] [asm_amd64.s:1371]  http server Running on http://0.0.0.0:8080
2021/08/04 10:00:58.516 [I] [asm_amd64.s:1371]  http server Running on http://0.0.0.0:8080
2021/08/04 10:01:17.008 [I] [asm_amd64.s:1371]  http server Running on http://0.0.0.0:8080
2021/08/04 10:01:30.151 [D] [server.go:2867]  |            ::1|[43m 404 [0m|      723.4µs| nomatch|[44m GET     [0m /  
2021/08/04 10:01:30.205 [D] [server.go:2867]  |            ::1|[43m 404 [0m|       88.1µs| nomatch|[44m GET     [0m /favicon.ico
2021/08/04 10:01:42.938 [I] [asm_amd64.s:1371]  http server Running on http://0.0.0.0:8080
2021/08/05 10:52:32.435 [I] [asm_amd64.s:1371]  http server Running on http://0.0.0.0:8080
2021/08/05 10:59:48.213 [I] [asm_amd64.s:1371]  http server Running on http://0.0.0.0:8080
2021/08/05 11:00:09.541 [D] [server.go:2867]  |            ::1|[42m 200 [0m|      997.8µs|   match|[44m GET     [0m /test   r:/test
2021/08/05 11:00:09.594 [D] [server.go:2867]  |            ::1|[43m 404 [0m|      932.9µs| nomatch|[44m GET     [0m /favicon.ico
2021/08/05 11:00:12.478 [D] [server.go:2867]  |            ::1|[42m 200 [0m|           0s|   match|[44m GET     [0m /test   r:/test
2021/08/05 11:00:48.181 [I] [asm_amd64.s:1371]  http server Running on http://0.0.0.0:8080
2021/08/05 11:00:48.210 [D] [server.go:2867]  |            ::1|[43m 404 [0m|        516µs| nomatch|[44m GET     [0m /test
2021/08/05 11:00:52.375 [D] [server.go:2867]  |            ::1|[43m 404 [0m|      878.2µs| nomatch|[44m GET     [0m /test
2021/08/05 11:12:47.299 [I] [asm_amd64.s:1371]  http server Running on http://0.0.0.0:8080
2021/08/05 11:13:06.716 [D] [server.go:2867]  |            ::1|[43m 404 [0m|     4.5053ms| nomatch|[44m GET     [0m /aaa
2021/08/05 11:13:09.975 [D] [server.go:2867]  |            ::1|[43m 404 [0m|      650.3µs| nomatch|[44m GET     [0m /aaa
2021/08/05 11:13:20.254 [D] [server.go:2867]  |            ::1|[43m 404 [0m|      963.9µs| nomatch|[44m GET     [0m /aaa
2021/08/05 11:13:31.473 [D] [server.go:2867]  |            ::1|[43m 404 [0m|      802.4µs| nomatch|[44m GET     [0m /test
2021/08/05 11:13:33.653 [D] [server.go:2867]  |            ::1|[43m 404 [0m|        901µs| nomatch|[44m GET     [0m /test
2021/08/05 11:13:36.422 [D] [server.go:2867]  |            ::1|[43m 404 [0m|      236.3µs| nomatch|[44m GET     [0m /test
2021/08/05 11:13:50.271 [I] [asm_amd64.s:1371]  http server Running on http://0.0.0.0:8080
2021/08/05 11:13:52.790 [D] [server.go:2867]  |            ::1|[42m 200 [0m|      547.5µs|   match|[44m GET     [0m /test   r:/test
2021/08/05 11:25:27.573 [D] [server.go:2867]  |      127.0.0.1|[43m 404 [0m|      505.3µs| nomatch|[46m POST    [0m /  
2021/08/05 11:26:12.190 [D] [server.go:2867]  |      127.0.0.1|[43m 404 [0m|      955.2µs| nomatch|[46m POST    [0m /test
2021/08/05 11:26:16.050 [D] [server.go:2867]  |      127.0.0.1|[43m 404 [0m|      839.7µs| nomatch|[46m POST    [0m /test
2021/08/05 11:26:33.534 [D] [server.go:2867]  |            ::1|[43m 404 [0m|           0s| nomatch|[46m POST    [0m /test
2021/08/05 11:26:53.637 [D] [server.go:2867]  |            ::1|[43m 404 [0m|      535.3µs| nomatch|[46m POST    [0m /test
2021/08/05 11:27:02.020 [D] [server.go:2867]  |            ::1|[43m 404 [0m|      740.4µs| nomatch|[46m POST    [0m /testing
2021/08/05 11:27:30.300 [D] [server.go:2867]  |            ::1|[42m 200 [0m|      331.9µs|   match|[46m POST    [0m /aaa   r:/aaa
2021/08/05 11:28:02.878 [D] [server.go:2867]  |            ::1|[43m 404 [0m|           0s| nomatch|[46m POST    [0m /test
2021/08/05 11:28:04.142 [D] [server.go:2867]  |            ::1|[43m 404 [0m|      519.6µs| nomatch|[46m POST    [0m /test
2021/08/05 11:28:07.847 [D] [server.go:2867]  |            ::1|[42m 200 [0m|           0s|   match|[44m GET     [0m /test   r:/test
2021/08/05 11:28:08.994 [D] [server.go:2867]  |            ::1|[42m 200 [0m|      552.8µs|   match|[44m GET     [0m /test   r:/test
2021/08/05 11:28:27.662 [I] [asm_amd64.s:1371]  http server Running on http://0.0.0.0:8080
2021/08/05 11:28:32.788 [D] [server.go:2867]  |            ::1|[43m 404 [0m|      513.8µs| nomatch|[46m POST    [0m /test
2021/08/05 11:28:33.812 [D] [server.go:2867]  |            ::1|[43m 404 [0m|      827.8µs| nomatch|[46m POST    [0m /test
2021/08/05 11:28:34.415 [D] [server.go:2867]  |            ::1|[43m 404 [0m|      832.7µs| nomatch|[46m POST    [0m /test
2021/08/05 11:28:38.583 [D] [server.go:2867]  |            ::1|[43m 404 [0m|      388.7µs| nomatch|[46m POST    [0m /test
2021/08/05 11:28:38.939 [D] [server.go:2867]  |            ::1|[43m 404 [0m|      507.6µs| nomatch|[46m POST    [0m /test
2021/08/05 11:28:42.738 [D] [server.go:2867]  |            ::1|[42m 200 [0m|           0s|   match|[44m GET     [0m /test   r:/test
2021/08/05 11:28:43.535 [D] [server.go:2867]  |            ::1|[42m 200 [0m|      491.5µs|   match|[44m GET     [0m /test   r:/test
2021/08/05 11:28:45.784 [D] [server.go:2867]  |            ::1|[42m 200 [0m|       72.3µs|   match|[44m GET     [0m /test   r:/test
2021/08/05 11:28:47.549 [D] [server.go:2867]  |            ::1|[42m 200 [0m|      478.4µs|   match|[44m GET     [0m /test   r:/test
2021/08/05 11:28:48.205 [D] [server.go:2867]  |            ::1|[42m 200 [0m|           0s|   match|[44m GET     [0m /test   r:/test
2021/08/05 11:28:51.377 [D] [server.go:2867]  |            ::1|[43m 404 [0m|      522.5µs| nomatch|[46m POST    [0m /test
2021/08/05 11:29:04.802 [I] [asm_amd64.s:1371]  http server Running on http://0.0.0.0:8080
2021/08/05 11:29:10.539 [D] [server.go:2867]  |            ::1|[43m 404 [0m|      221.8µs| nomatch|[46m POST    [0m /test
2021/08/05 11:29:11.460 [D] [server.go:2867]  |            ::1|[43m 404 [0m|      707.2µs| nomatch|[46m POST    [0m /test
2021/08/05 11:29:22.450 [D] [server.go:2867]  |            ::1|[43m 404 [0m|           0s| nomatch|[46m POST    [0m /test
2021/08/05 11:29:23.331 [D] [server.go:2867]  |            ::1|[43m 404 [0m|        746µs| nomatch|[46m POST    [0m /test
2021/08/05 18:13:38.372 [I] [asm_amd64.s:1371]  http server Running on http://0.0.0.0:8080
2021/08/05 18:13:48.803 [I] [asm_amd64.s:1371]  http server Running on http://0.0.0.0:8080
2021/08/05 18:14:01.099 [D] [server.go:2867]  |            ::1|[42m 200 [0m|     1.9961ms|   match|[44m GET     [0m /login   r:/login
2021/08/05 18:14:01.141 [D] [server.go:2867]  |            ::1|[42m 200 [0m|     1.9956ms|   match|[44m GET     [0m /static/js/lib/jquery-3.3.1.min.js
2021/08/05 18:14:01.148 [D] [server.go:2867]  |            ::1|[42m 200 [0m|     1.3099ms|   match|[44m GET     [0m /static/js/login.js
2021/08/05 18:14:01.151 [D] [server.go:2867]  |            ::1|[42m 200 [0m|      997.2µs|   match|[44m GET     [0m /static/css/bootstrap.min.css
2021/08/05 18:14:01.151 [D] [server.go:2867]  |            ::1|[42m 200 [0m|      997.2µs|   match|[44m GET     [0m /static/css/font-awesome.css
2021/08/05 18:14:01.152 [D] [server.go:2867]  |            ::1|[42m 200 [0m|        997µs|   match|[44m GET     [0m /static/css/animate.css
2021/08/05 18:14:01.161 [D] [server.go:2867]  |            ::1|[42m 200 [0m|     12.413ms|   match|[44m GET     [0m /static/js/lib/jquery.url.js
2021/08/05 18:14:01.164 [D] [server.go:2867]  |            ::1|[42m 200 [0m|      507.4µs|   match|[44m GET     [0m /static/css/login.css
2021/08/05 18:14:01.165 [D] [server.go:2867]  |            ::1|[42m 200 [0m|           0s|   match|[44m GET     [0m /static/css/style.css
2021/08/05 18:14:01.188 [D] [server.go:2867]  |            ::1|[42m 200 [0m|     2.9497ms|   match|[44m GET     [0m /static/images/log.png
2021/08/05 18:14:01.192 [D] [server.go:2867]  |            ::1|[42m 200 [0m|     5.7891ms|   match|[44m GET     [0m /captcha   r:/captcha
2021/08/05 18:14:01.638 [D] [server.go:2867]  |            ::1|[43m 404 [0m|      645.1µs| nomatch|[44m GET     [0m /favicon.ico
2021/08/05 18:14:08.865 [D] [server.go:2867]  |            ::1|[42m 200 [0m|     2.4952ms|   match|[44m GET     [0m /captcha   r:/captcha
2021/08/05 18:14:09.105 [D] [server.go:2867]  |            ::1|[42m 200 [0m|     3.1598ms|   match|[44m GET     [0m /captcha   r:/captcha
2021/08/05 18:14:09.392 [D] [server.go:2867]  |            ::1|[42m 200 [0m|     1.9549ms|   match|[44m GET     [0m /captcha   r:/captcha
2021/08/05 18:14:09.592 [D] [server.go:2867]  |            ::1|[42m 200 [0m|      997.7µs|   match|[44m GET     [0m /captcha   r:/captcha
2021/08/05 18:14:09.824 [D] [server.go:2867]  |            ::1|[42m 200 [0m|     1.0305ms|   match|[44m GET     [0m /captcha   r:/captcha
2021/08/05 18:14:10.192 [D] [server.go:2867]  |            ::1|[42m 200 [0m|     1.9991ms|   match|[44m GET     [0m /captcha   r:/captcha
2021/08/05 18:14:19.559 [D] [server.go:2867]  |            ::1|[42m 200 [0m|           0s|   match|[44m GET     [0m /test   r:/test
2021/08/05 18:14:22.075 [D] [server.go:2867]  |            ::1|[42m 200 [0m|           0s|   match|[44m GET     [0m /test   r:/test
2021/08/05 18:14:31.862 [D] [server.go:2867]  |            ::1|[42m 200 [0m|      171.3µs|   match|[46m POST    [0m /test   r:/test
2021/08/05 18:15:14.712 [D] [server.go:2867]  |            ::1|[42m 200 [0m|      472.6µs|   match|[44m GET     [0m /test   r:/test
2021/08/05 18:15:16.223 [D] [server.go:2867]  |            ::1|[42m 200 [0m|      550.7µs|   match|[44m GET     [0m /test   r:/test
2021/08/05 18:15:20.470 [D] [server.go:2867]  |            ::1|[42m 200 [0m|      771.7µs|   match|[46m POST    [0m /test   r:/test
2021/08/05 18:15:40.213 [D] [server.go:2867]  |            ::1|[42m 200 [0m|           0s|   match|[44m GET     [0m /test   r:/test
2021/08/06 11:40:57.417 [I] [asm_amd64.s:1371]  http server Running on http://0.0.0.0:8080
2021/08/06 11:43:23.764 [I] [asm_amd64.s:1371]  http server Running on http://0.0.0.0:8080
2021/08/06 14:36:48.532 [I] [asm_amd64.s:1371]  http server Running on http://0.0.0.0:8080
2021/08/06 14:36:48.532 [I] [asm_amd64.s:1371]  Admin server Running on :8088
2021/08/06 14:38:15.450 [D] [server.go:2867]  |            ::1|[42m 200 [0m|        999µs|   match|[44m GET     [0m /login   r:/login
2021/08/06 14:38:15.484 [D] [server.go:2867]  |            ::1|[42m 200 [0m|     2.6163ms|   match|[44m GET     [0m /static/js/lib/jquery-3.3.1.min.js
2021/08/06 14:38:15.484 [D] [server.go:2867]  |            ::1|[42m 200 [0m|     1.1079ms|   match|[44m GET     [0m /static/css/bootstrap.min.css
2021/08/06 14:38:15.485 [D] [server.go:2867]  |            ::1|[42m 200 [0m|     1.6135ms|   match|[44m GET     [0m /static/js/lib/jquery.url.js
2021/08/06 14:38:15.491 [D] [server.go:2867]  |            ::1|[42m 200 [0m|     8.1743ms|   match|[44m GET     [0m /static/js/login.js
2021/08/06 14:38:15.493 [D] [server.go:2867]  |            ::1|[42m 200 [0m|      1.827ms|   match|[44m GET     [0m /static/css/login.css
2021/08/06 14:38:15.494 [D] [server.go:2867]  |            ::1|[42m 200 [0m|     3.1004ms|   match|[44m GET     [0m /static/css/style.css
2021/08/06 14:38:15.495 [D] [server.go:2867]  |            ::1|[42m 200 [0m|    11.2747ms|   match|[44m GET     [0m /static/css/font-awesome.css
2021/08/06 14:38:15.498 [D] [server.go:2867]  |            ::1|[42m 200 [0m|    14.3419ms|   match|[44m GET     [0m /static/css/animate.css
2021/08/06 14:38:15.529 [D] [server.go:2867]  |            ::1|[42m 200 [0m|      725.4µs|   match|[44m GET     [0m /static/images/log.png
2021/08/06 14:38:15.536 [D] [server.go:2867]  |            ::1|[42m 200 [0m|     2.3114ms|   match|[44m GET     [0m /captcha   r:/captcha
2021/08/06 14:38:15.776 [D] [server.go:2867]  |            ::1|[43m 404 [0m|           0s| nomatch|[44m GET     [0m /favicon.ico
2021/08/06 14:38:25.396 [D] [server.go:2867]  |            ::1|[42m 200 [0m|     1.0214ms|   match|[44m GET     [0m /login   r:/login
2021/08/06 14:38:25.429 [D] [server.go:2867]  |            ::1|[42m 200 [0m|     1.8859ms|   match|[44m GET     [0m /captcha   r:/captcha
2021/08/06 14:51:20.273 [I] [asm_amd64.s:1371]  http server Running on http://0.0.0.0:8080
2021/08/06 14:51:20.273 [I] [asm_amd64.s:1371]  Admin server Running on :8088
2021/08/06 14:51:54.746 [I] [asm_amd64.s:1371]  http server Running on http://0.0.0.0:8080
2021/08/06 14:51:54.746 [I] [asm_amd64.s:1371]  Admin server Running on :8088
2021/08/06 14:52:29.373 [D] [server.go:2867]  |            ::1|[43m 404 [0m|           0s| nomatch|[44m GET     [0m /  
2021/08/06 14:52:35.357 [D] [server.go:2867]  |            ::1|[42m 200 [0m|      997.5µs|   match|[44m GET     [0m /test   r:/test
2021/08/06 14:53:11.585 [D] [server.go:2867]  |            ::1|[42m 200 [0m|      505.2µs|   match|[44m GET     [0m /test   r:/test
2021/08/06 14:53:15.315 [D] [server.go:2867]  |            ::1|[42m 200 [0m|           0s|   match|[46m POST    [0m /test   r:/test
2021/08/06 14:53:16.130 [D] [server.go:2867]  |            ::1|[42m 200 [0m|           0s|   match|[46m POST    [0m /test   r:/test
2021/08/06 14:53:19.581 [D] [server.go:2867]  |            ::1|[42m 200 [0m|           0s|   match|[43m PUT     [0m /test   r:/test
2021/08/06 14:53:20.342 [D] [server.go:2867]  |            ::1|[42m 200 [0m|      356.4µs|   match|[43m PUT     [0m /test   r:/test
2021/08/06 14:53:20.772 [D] [server.go:2867]  |            ::1|[42m 200 [0m|           0s|   match|[43m PUT     [0m /test   r:/test
2021/08/06 14:53:21.259 [D] [server.go:2867]  |            ::1|[42m 200 [0m|      509.2µs|   match|[43m PUT     [0m /test   r:/test
2021/08/06 14:53:24.715 [D] [server.go:2867]  |            ::1|[42m 200 [0m|           0s|   match|[41m DELETE  [0m /test   r:/test
2021/08/06 14:53:25.335 [D] [server.go:2867]  |            ::1|[42m 200 [0m|      617.7µs|   match|[41m DELETE  [0m /test   r:/test
2021/08/06 14:53:25.964 [D] [server.go:2867]  |            ::1|[42m 200 [0m|      483.3µs|   match|[41m DELETE  [0m /test   r:/test
2021/08/06 14:53:26.400 [D] [server.go:2867]  |            ::1|[42m 200 [0m|      453.4µs|   match|[41m DELETE  [0m /test   r:/test
2021/08/06 17:07:31.508 [D] [server.go:2867]  |            ::1|[42m 200 [0m|     1.6241ms|   match|[44m GET     [0m /login   r:/login
2021/08/06 17:07:31.581 [D] [server.go:2867]  |            ::1|[42m 200 [0m|     3.2699ms|   match|[44m GET     [0m /captcha   r:/captcha
2021/08/09 10:10:10.906 [I] [asm_amd64.s:1371]  Admin server Running on :8088
2021/08/09 10:10:10.906 [I] [asm_amd64.s:1371]  http server Running on http://0.0.0.0:8080
2021/08/09 10:10:42.337 [I] [asm_amd64.s:1371]  http server Running on http://0.0.0.0:8080
2021/08/09 10:10:42.337 [I] [asm_amd64.s:1371]  Admin server Running on :8088
2021/08/09 10:12:29.561 [I] [asm_amd64.s:1371]  Admin server Running on :8088
2021/08/09 10:12:29.561 [I] [asm_amd64.s:1371]  http server Running on http://0.0.0.0:8080
2021/08/09 10:14:30.123 [I] [asm_amd64.s:1371]  http server Running on http://0.0.0.0:8080
2021/08/09 10:14:30.123 [I] [asm_amd64.s:1371]  Admin server Running on :8088
2021/08/09 10:14:55.477 [I] [asm_amd64.s:1371]  Admin server Running on :8088
2021/08/09 10:14:55.477 [I] [asm_amd64.s:1371]  http server Running on http://0.0.0.0:8080
2021/08/09 10:15:17.309 [I] [asm_amd64.s:1371]  http server Running on http://0.0.0.0:8080
2021/08/09 10:15:17.309 [I] [asm_amd64.s:1371]  Admin server Running on :8088
2021/08/09 10:16:10.754 [I] [asm_amd64.s:1371]  http server Running on http://0.0.0.0:8080
2021/08/09 10:16:10.754 [I] [asm_amd64.s:1371]  Admin server Running on :8088
2021/08/10 10:34:04.489 [I] [asm_amd64.s:1371]  http server Running on http://0.0.0.0:8080
2021/08/10 10:34:04.489 [I] [asm_amd64.s:1371]  Admin server Running on :8088
2021/08/18 13:56:15.300 [I] [asm_amd64.s:1371]  http server Running on http://0.0.0.0:8080
2021/08/18 13:56:15.300 [I] [asm_amd64.s:1371]  Admin server Running on :8088
2021/08/18 17:29:49.075 [I] [asm_amd64.s:1371]  http server Running on http://0.0.0.0:8080
2021/08/18 17:29:49.075 [I] [asm_amd64.s:1371]  Admin server Running on :8088
2021/08/18 17:30:49.247 [I] [asm_amd64.s:1371]  Admin server Running on :8088
2021/08/18 17:30:49.247 [I] [asm_amd64.s:1371]  http server Running on http://0.0.0.0:8080
2021/08/18 17:34:39.740 [I] [asm_amd64.s:1371]  Admin server Running on :8088
2021/08/18 17:34:39.740 [I] [asm_amd64.s:1371]  http server Running on http://0.0.0.0:8080
2021/08/18 17:36:20.198 [I] [asm_amd64.s:1371]  Admin server Running on :8088
2021/08/18 17:36:20.198 [I] [asm_amd64.s:1371]  http server Running on http://0.0.0.0:8080
2021/08/18 17:37:33.366 [I] [asm_amd64.s:1371]  Admin server Running on :8088
2021/08/18 17:37:33.366 [I] [asm_amd64.s:1371]  http server Running on http://0.0.0.0:8080
2021/08/18 17:38:23.320 [I] [asm_amd64.s:1371]  http server Running on http://0.0.0.0:8080
2021/08/18 17:38:23.320 [I] [asm_amd64.s:1371]  Admin server Running on :8088
2021/08/18 17:47:40.479 [I] [asm_amd64.s:1371]  Admin server Running on :8088
2021/08/18 17:47:40.479 [I] [asm_amd64.s:1371]  http server Running on http://0.0.0.0:8080
2021/08/18 17:48:08.089 [I] [asm_amd64.s:1371]  Admin server Running on :8088
2021/08/18 17:48:08.089 [I] [asm_amd64.s:1371]  http server Running on http://0.0.0.0:8080
2021/08/18 17:49:56.773 [I] [asm_amd64.s:1371]  Admin server Running on :8088
2021/08/18 17:49:56.773 [I] [asm_amd64.s:1371]  http server Running on http://0.0.0.0:8080
2021/08/18 17:51:53.091 [I] [asm_amd64.s:1371]  http server Running on http://0.0.0.0:8080
2021/08/18 17:51:53.091 [I] [asm_amd64.s:1371]  Admin server Running on :8088
2021/08/18 17:52:38.157 [I] [asm_amd64.s:1371]  http server Running on http://0.0.0.0:8080
2021/08/18 17:52:38.157 [I] [asm_amd64.s:1371]  Admin server Running on :8088
2021/08/18 18:08:06.570 [I] [asm_amd64.s:1371]  http server Running on http://0.0.0.0:8080
2021/08/18 18:08:06.570 [I] [asm_amd64.s:1371]  Admin server Running on :8088
2021/08/18 18:08:34.175 [I] [asm_amd64.s:1371]  http server Running on http://0.0.0.0:8080
2021/08/18 18:08:34.175 [I] [asm_amd64.s:1371]  Admin server Running on :8088
2021/08/18 18:09:07.203 [I] [asm_amd64.s:1371]  http server Running on http://0.0.0.0:8080
2021/08/18 18:09:07.203 [I] [asm_amd64.s:1371]  Admin server Running on :8088
2021/08/18 18:10:17.788 [I] [asm_amd64.s:1371]  http server Running on http://0.0.0.0:8080
2021/08/18 18:10:17.788 [I] [asm_amd64.s:1371]  Admin server Running on :8088
